TID: [2021-05-05 08:21:43,583]  INFO {org.wso2.config.mapper.ConfigParser} - Applying Configurations upon new Templates {org.wso2.config.mapper.ConfigParser}
TID: [2021-05-05 08:21:43,596]  WARN {org.wso2.config.mapper.ConfigParser} - Overriding files in configuration directory /home/wso2carbon/wso2is-5.11.0 {org.wso2.config.mapper.ConfigParser}
TID: [2021-05-05 08:21:45,505]  INFO {org.wso2.config.mapper.ConfigParser} - Writing Metadata Entries... {org.wso2.config.mapper.ConfigParser}
TID: [-1] [] [2021-05-05 08:21:59,504] []  INFO {org.ops4j.pax.logging.spi.support.EventAdminConfigurationNotifier} - Sending Event Admin nofification (configuration successful) to org/ops4j/pax/logging/Configuration
TID: [-1234] [] [2021-05-05 08:21:59,504] []  INFO {org.wso2.carbon.core.internal.CarbonCoreActivator} - Starting WSO2 Carbon...
TID: [-1234] [] [2021-05-05 08:21:59,538] []  INFO {org.wso2.carbon.core.internal.CarbonCoreActivator} - Operating System : Linux 5.8.0-50-generic, amd64
TID: [-1234] [] [2021-05-05 08:21:59,538] []  INFO {org.wso2.carbon.core.internal.CarbonCoreActivator} - Java Home        : /opt/java/openjdk
TID: [-1234] [] [2021-05-05 08:21:59,539] []  INFO {org.wso2.carbon.core.internal.CarbonCoreActivator} - Java Version     : 11.0.9
TID: [-1234] [] [2021-05-05 08:21:59,540] []  INFO {org.wso2.carbon.core.internal.CarbonCoreActivator} - Java VM          : OpenJDK 64-Bit Server VM 11.0.9+11,AdoptOpenJDK
TID: [-1234] [] [2021-05-05 08:21:59,541] []  INFO {org.wso2.carbon.core.internal.CarbonCoreActivator} - Carbon Home      : /home/wso2carbon/wso2is-5.11.0
TID: [-1234] [] [2021-05-05 08:21:59,545] []  INFO {org.wso2.carbon.core.internal.CarbonCoreActivator} - Java Temp Dir    : /home/wso2carbon/wso2is-5.11.0/tmp
TID: [-1234] [] [2021-05-05 08:21:59,546] []  INFO {org.wso2.carbon.core.internal.CarbonCoreActivator} - User             : wso2carbon, en-US, GMT
TID: [-1] [] [2021-05-05 08:22:00,356] []  INFO {org.wso2.carbon.event.output.adapter.kafka.internal.ds.KafkaEventAdapterServiceDS} - Successfully deployed the Kafka output event adaptor service
TID: [-1] [] [2021-05-05 08:22:01,461] []  INFO {org.wso2.carbon.identity.oauth.uma.grant.internal.UMA2GrantServiceComponent} - Policy evaluator registered successfully: DefaultPolicyEvaluator
TID: [-1] [] [2021-05-05 08:22:01,461] []  INFO {org.wso2.carbon.identity.oauth.uma.grant.internal.UMA2GrantServiceComponent} - UMA Grant component activated successfully.
TID: [-1234] [] [2021-05-05 08:22:02,393] []  INFO {org.wso2.carbon.ldap.server.configuration.LDAPConfigurationBuilder} - KDC server is disabled.
TID: [-1234] [] [2021-05-05 08:22:07,775] []  INFO {org.apache.directory.server.KERBEROS_LOG} - KeyDerivation Interceptor initialized
TID: [-1] [] [2021-05-05 08:22:09,358] []  INFO {org.wso2.carbon.mex.internal.Office365SupportMexComponent} - Office365Support MexServiceComponent bundle activated successfully..
TID: [-1] [] [2021-05-05 08:22:09,386] []  INFO {org.wso2.carbon.mex2.internal.DynamicCRMCustomMexComponent} - DynamicCRMSupport MexServiceComponent bundle activated successfully.
TID: [-1234] [] [2021-05-05 08:22:15,226] []  INFO {org.wso2.carbon.user.core.ldap.UniqueIDReadWriteLDAPUserStoreManager} - LDAP connection created successfully in read-write mode
TID: [-1234] [] [2021-05-05 08:22:15,459] []  INFO {org.wso2.carbon.consent.mgt.core.internal.ConsentManagerComponent} - ConsentManagerComponent is activated.
TID: [-1234] [] [2021-05-05 08:22:17,395] []  INFO {org.wso2.carbon.registry.core.jdbc.EmbeddedRegistryService} - Configured Registry in 781ms
TID: [-1234] [] [2021-05-05 08:22:17,656] []  INFO {org.wso2.carbon.registry.core.jdbc.EmbeddedRegistryService} - Connected to mount at configregistry in 3ms
TID: [-1234] [] [2021-05-05 08:22:17,677] []  INFO {org.wso2.carbon.registry.core.jdbc.EmbeddedRegistryService} - Connected to mount at govregistry in 23ms
TID: [-1234] [] [2021-05-05 08:22:18,270] []  INFO {org.wso2.carbon.registry.core.jdbc.EmbeddedRegistryService} - Connected to mount at configregistry in 0ms
TID: [-1234] [] [2021-05-05 08:22:18,271] []  INFO {org.wso2.carbon.registry.core.jdbc.EmbeddedRegistryService} - Connected to mount at govregistry in 0ms
TID: [-1234] [] [2021-05-05 08:22:18,350] []  INFO {org.wso2.carbon.registry.core.internal.RegistryCoreServiceComponent} - Registry Mode    : READ-WRITE
TID: [-1] [] [2021-05-05 08:22:18,538] []  INFO {org.apache.jasper.servlet.TldScanner} - At least one JAR was scanned for TLDs yet contained no TLDs. Enable debug logging for this logger for a complete list of JARs that were scanned but no TLDs were found in them. Skipping unneeded JARs during scanning can improve startup time and JSP compilation time.
TID: [-1234] [] [2021-05-05 08:22:18,711] []  INFO {org.wso2.carbon.metrics.impl.util.JmxReporterBuilder} - Creating JMX reporter for Metrics with domain 'org.wso2.carbon.metrics'
TID: [-1234] [] [2021-05-05 08:22:18,731] []  INFO {org.wso2.carbon.metrics.impl.reporter.AbstractReporter} - Started JMX reporter for Metrics
TID: [-1234] [] [2021-05-05 08:22:19,146] []  INFO {org.wso2.carbon.identity.authenticator.x509Certificate.internal.X509CertificateServiceComponent} - X509 Certificate Servlet activated successfully..
TID: [-1234] [] [2021-05-05 08:22:25,669] []  INFO {org.wso2.carbon.registry.indexing.solr.SolrClient} - Default Embedded Solr Server Initialized
TID: [-1234] [] [2021-05-05 08:22:26,444] []  INFO {org.wso2.carbon.user.core.internal.UserStoreMgtDSComponent} - Carbon UserStoreMgtDSComponent activated successfully.
TID: [-1] [] [2021-05-05 08:22:26,682] []  INFO {org.wso2.carbon.attachment.mgt.server.internal.AttachmentServiceComponent} - Initialising Attachment Server
TID: [-1] [] [2021-05-05 08:22:27,465] []  INFO {org.wso2.carbon.attachment.mgt.core.dao.impl.jpa.AbstractJPAVendorAdapter} - [Attachment-Mgt OpenJPA] DB Dictionary: h2
TID: [-1] [] [2021-05-05 08:22:27,466] []  INFO {org.wso2.carbon.attachment.mgt.core.dao.impl.jpa.AbstractJPAVendorAdapter} - [Attachment-Mgt OpenJPA] Generate DDL Enabled.
TID: [-1] [] [2021-05-05 08:22:27,930] []  INFO {org.wso2.carbon.attachment.mgt.server.internal.AttachmentServiceComponent} - Registering AttachmentServerService
TID: [-1] [] [2021-05-05 08:22:28,010] []  INFO {org.wso2.carbon.bpel.core.internal.BPELServiceComponent} - Initializing BPEL Engine........
TID: [-1] [] [2021-05-05 08:22:28,118] []  INFO {org.apache.ode.il.EmbeddedGeronimoFactory} - Using embedded Geronimo transaction manager
TID: [-1] [] [2021-05-05 08:22:28,233] []  INFO {org.apache.ode.il.dbutil.Database} - ODE using external DataSource "bpsds".
TID: [-1] [] [2021-05-05 08:22:28,234] []  INFO {org.wso2.carbon.bpel.core.ode.integration.BPELServerImpl} - Using DAO Connection Factory class: org.apache.ode.dao.jpa.BPELDAOConnectionFactoryImpl
TID: [-1] [] [2021-05-05 08:22:28,234] []  INFO {org.apache.ode.il.dbutil.Database} - Using DAO Connection Factory class org.apache.ode.dao.jpa.BPELDAOConnectionFactoryImpl.
TID: [-1] [] [2021-05-05 08:22:28,563] []  INFO {org.apache.ode.store.jpa.DbConfStoreConnectionFactory} - ProcessStore initializing transaction manager using org.apache.ode.il.EmbeddedGeronimoFactory
TID: [-1] [] [2021-05-05 08:22:28,565] []  INFO {org.apache.ode.il.EmbeddedGeronimoFactory} - Using embedded Geronimo transaction manager
TID: [-1] [] [2021-05-05 08:22:28,609] []  INFO {org.apache.ode.scheduler.simple.JdbcDelegate} - Using database H2 major version 1
TID: [-1] [] [2021-05-05 08:22:28,617] []  INFO {org.apache.ode.scheduler.simple.JdbcDelegate} - Using database dialect: H2
TID: [-1] [] [2021-05-05 08:22:28,686] []  INFO {org.wso2.carbon.bpel.core.ode.integration.BPELServerImpl} - This node is a manager node
TID: [-1] [] [2021-05-05 08:22:28,759] []  INFO {org.wso2.carbon.bpel.core.ode.integration.BPELServerImpl} - Registering E4X Extension...
TID: [-1] [] [2021-05-05 08:22:28,812] []  INFO {org.wso2.carbon.bpel.core.ode.integration.BPELServerImpl} - Registering B4P Extension...
TID: [-1] [] [2021-05-05 08:22:28,845] []  INFO {org.wso2.carbon.bpel.core.ode.integration.BPELServerImpl} - Registering B4P Filter...
TID: [-1] [] [2021-05-05 08:22:28,920] []  INFO {org.apache.ode.bpel.engine.BpelServerImpl} - BPEL Server Started.
TID: [-1] [] [2021-05-05 08:22:28,926] []  INFO {org.wso2.carbon.bpel.core.ode.integration.BPELServerImpl} - Registering MBeans
TID: [-1] [] [2021-05-05 08:22:29,052] []  INFO {org.wso2.carbon.humantask.core.internal.HumanTaskServiceComponent} - Initialising HumanTask Server
TID: [-1] [] [2021-05-05 08:22:29,182] []  INFO {org.apache.ode.il.EmbeddedGeronimoFactory} - Using embedded Geronimo transaction manager
TID: [-1] [] [2021-05-05 08:22:29,230] []  INFO {org.wso2.carbon.humantask.core.dao.jpa.AbstractJPAVendorAdapter} - [HT OpenJPA] DB Dictionary: h2
TID: [-1] [] [2021-05-05 08:22:29,243] []  INFO {org.wso2.carbon.humantask.core.dao.jpa.AbstractJPAVendorAdapter} - [HT OpenJPA] Generate DDL Enabled.
TID: [-1] [] [2021-05-05 08:22:29,375] []  INFO {org.wso2.carbon.humantask.core.internal.HumanTaskServiceComponent} - Registering Axis2ConfigurationContextObserver
TID: [-1] [] [2021-05-05 08:22:29,466] []  INFO {org.wso2.carbon.humantask.core.internal.HumanTaskServiceComponent} - Registering HT related MBeans
TID: [-1] [] [2021-05-05 08:22:29,536] []  INFO {org.wso2.carbon.humantask.core.internal.HumanTaskServiceComponent} - MXBean for Human tasks registered successfully
TID: [-1234] [] [2021-05-05 08:22:31,513] []  INFO {org.wso2.carbon.identity.user.store.configuration.deployer.UserStoreConfigurationDeployer} - User Store Configuration Deployer initiated.
TID: [-1234] [] [2021-05-05 08:22:31,514] []  INFO {org.wso2.carbon.identity.user.store.configuration.deployer.UserStoreConfigurationDeployer} - User Store Configuration Deployer initiated.
TID: [-1234] [] [2021-05-05 08:22:31,524] []  INFO {org.wso2.carbon.bpel.deployer.BPELDeployer} - Initializing BPEL Deployer for tenant -1234.
TID: [-1234] [] [2021-05-05 08:22:31,562] []  INFO {org.wso2.carbon.humantask.deployer.HumanTaskDeployer} - Initializing HumanTask Deployer for tenant -1234.
TID: [-1234] [] [2021-05-05 08:22:31,603] []  INFO {org.apache.axis2.transport.mail.MailTransportSender} - MAILTO Sender started
TID: [-1234] [I18nEmailMgtConfigService] [2021-05-05 08:22:33,250] []  INFO {org.wso2.carbon.core.deployment.DeploymentInterceptor} - Deploying Axis2 service: I18nEmailMgtConfigService {super-tenant}
TID: [-1234] [AccountCredentialMgtConfigService] [2021-05-05 08:22:35,461] []  INFO {org.wso2.carbon.core.deployment.DeploymentInterceptor} - Deploying Axis2 service: AccountCredentialMgtConfigService {super-tenant}
TID: [-1234] [UserIdentityManagementAdminService] [2021-05-05 08:22:35,488] []  INFO {org.wso2.carbon.core.deployment.DeploymentInterceptor} - Deploying Axis2 service: UserIdentityManagementAdminService {super-tenant}
TID: [-1234] [UserInformationRecoveryService] [2021-05-05 08:22:35,497] []  INFO {org.wso2.carbon.core.deployment.DeploymentInterceptor} - Deploying Axis2 service: UserInformationRecoveryService {super-tenant}
TID: [-1234] [SAMLQueryService] [2021-05-05 08:22:35,774] []  INFO {org.wso2.carbon.core.deployment.DeploymentInterceptor} - Deploying Axis2 service: SAMLQueryService {super-tenant}
TID: [-1234] [mex-ut] [2021-05-05 08:22:37,806] []  INFO {org.wso2.carbon.core.deployment.DeploymentInterceptor} - Deploying Axis2 service: mex-ut {super-tenant}
TID: [-1234] [mex-ut2] [2021-05-05 08:22:37,815] []  INFO {org.wso2.carbon.core.deployment.DeploymentInterceptor} - Deploying Axis2 service: mex-ut2 {super-tenant}
TID: [-1234] [] [2021-05-05 08:22:40,994] []  INFO {org.wso2.carbon.core.init.CarbonServerManager} - Repository       : /home/wso2carbon/wso2is-5.11.0/repository/deployment/server/
TID: [-1234] [] [2021-05-05 08:22:41,103] []  INFO {org.wso2.carbon.core.multitenancy.eager.TenantLoadingConfig} - Using tenant lazy loading policy...
TID: [-1234] [] [2021-05-05 08:22:41,167] []  INFO {org.wso2.carbon.core.internal.permission.update.PermissionUpdater} - Permission cache updated for tenant -1234
TID: [-1234] [] [2021-05-05 08:22:45,018] []  INFO {org.wso2.carbon.user.core.internal.UserStoreMgtDSComponent} - Claim manager set for class org.wso2.carbon.user.core.common.DefaultRealm
TID: [-1234] [] [2021-05-05 08:22:45,027] []  INFO {org.wso2.carbon.user.core.internal.UserStoreMgtDSComponent} - Claim manager set for class org.wso2.carbon.user.core.ldap.UniqueIDReadWriteLDAPUserStoreManager
TID: [-1234] [] [2021-05-05 08:22:45,610] []  INFO {org.wso2.balana.ConfigurationStore} - Loading runtime configuration
TID: [-1] [] [2021-05-05 08:22:45,844] []  INFO {org.wso2.carbon.identity.entitlement.internal.SchemaBuilder} - XACML policy schema loaded successfully.
TID: [-1234] [] [2021-05-05 08:22:48,085] []  INFO {org.wso2.carbon.identity.oauth.uma.xacml.service.internal.AppUMAServiceComponents} - XACML UMA Handler activated successfully.
TID: [-1234] [] [2021-05-05 08:22:48,446] []  INFO {org.wso2.carbon.identity.oauth.config.OAuthServerConfiguration} - The default OAuth token issuer will be used. No custom token generator is set.
TID: [-1234] [] [2021-05-05 08:22:49,287] []  INFO {org.wso2.carbon.identity.workflow.impl.internal.WorkflowImplServiceComponent} - Default BPS profile added to the DB.
TID: [-1234] [] [2021-05-05 08:22:50,011] []  INFO {org.wso2.carbon.identity.local.auth.api.core.internal.AuthAPIServiceComponent} - Auth API Service Component  is activated.
TID: [-1234] [] [2021-05-05 08:22:50,760] []  INFO {org.wso2.carbon.identity.application.authentication.framework.store.SessionDataStore} - Thread pool size for temporary authentication context data delete task: 20
TID: [-1234] [] [2021-05-05 08:22:52,442] []  INFO {org.wso2.carbon.event.publisher.core.EventPublisherDeployer} - Event Publisher deployment held back and in inactive state :EmailPublisher.xml, Stream validation exception : Stream id_gov_notify_stream:1.0.0 does not exist
TID: [-1234] [] [2021-05-05 08:22:52,462] []  INFO {org.wso2.carbon.event.publisher.core.internal.util.helper.EventPublisherConfigurationFilesystemInvoker} - Event Publisher configuration deleted from the file system : IsAnalytics-Publisher-wso2event-AuthenticationData-1.1.0.xml
TID: [-1234] [] [2021-05-05 08:22:52,463] []  INFO {org.wso2.carbon.event.publisher.core.EventPublisherDeployer} - Event Publisher undeployed successfully : IsAnalytics-Publisher-wso2event-AuthenticationData-1.1.0.xml
TID: [-1234] [] [2021-05-05 08:22:52,503] []  INFO {org.wso2.carbon.event.publisher.core.internal.util.helper.EventPublisherConfigurationFilesystemInvoker} - Event Publisher configuration saved in the filesystem : IsAnalytics-Publisher-wso2event-AuthenticationData-1.1.0.xml
TID: [-1234] [] [2021-05-05 08:22:52,513] []  INFO {org.wso2.carbon.event.publisher.core.EventPublisherDeployer} - Event Publisher deployment held back and in inactive state :IsAnalytics-Publisher-wso2event-AuthenticationData-1.1.0.xml, Stream validation exception : Stream org.wso2.is.analytics.stream.OverallAuthentication:1.1.0 does not exist
TID: [-1234] [] [2021-05-05 08:22:52,516] []  INFO {org.wso2.carbon.event.publisher.core.internal.util.helper.EventPublisherConfigurationFilesystemInvoker} - Event Publisher configuration deleted from the file system : IsAnalytics-Publisher-wso2event-AuthenticationData.xml
TID: [-1234] [] [2021-05-05 08:22:52,516] []  INFO {org.wso2.carbon.event.publisher.core.EventPublisherDeployer} - Event Publisher undeployed successfully : IsAnalytics-Publisher-wso2event-AuthenticationData.xml
TID: [-1234] [] [2021-05-05 08:22:52,525] []  INFO {org.wso2.carbon.event.publisher.core.internal.util.helper.EventPublisherConfigurationFilesystemInvoker} - Event Publisher configuration saved in the filesystem : IsAnalytics-Publisher-wso2event-AuthenticationData.xml
TID: [-1234] [] [2021-05-05 08:22:52,533] []  INFO {org.wso2.carbon.event.publisher.core.EventPublisherDeployer} - Event Publisher deployment held back and in inactive state :IsAnalytics-Publisher-wso2event-AuthenticationData.xml, Stream validation exception : Stream org.wso2.is.analytics.stream.OverallAuthentication:1.0.0 does not exist
TID: [-1234] [] [2021-05-05 08:22:52,536] []  INFO {org.wso2.carbon.event.publisher.core.internal.util.helper.EventPublisherConfigurationFilesystemInvoker} - Event Publisher configuration deleted from the file system : IsAnalytics-Publisher-wso2event-OauthTokenIssueRefresh.xml
TID: [-1234] [] [2021-05-05 08:22:52,536] []  INFO {org.wso2.carbon.event.publisher.core.EventPublisherDeployer} - Event Publisher undeployed successfully : IsAnalytics-Publisher-wso2event-OauthTokenIssueRefresh.xml
TID: [-1234] [] [2021-05-05 08:22:52,552] []  INFO {org.wso2.carbon.event.publisher.core.internal.util.helper.EventPublisherConfigurationFilesystemInvoker} - Event Publisher configuration saved in the filesystem : IsAnalytics-Publisher-wso2event-OauthTokenIssueRefresh.xml
TID: [-1234] [] [2021-05-05 08:22:52,560] []  INFO {org.wso2.carbon.event.publisher.core.EventPublisherDeployer} - Event Publisher deployment held back and in inactive state :IsAnalytics-Publisher-wso2event-OauthTokenIssueRefresh.xml, Stream validation exception : Stream org.wso2.is.analytics.stream.OauthTokenIssuance:1.0.0 does not exist
TID: [-1234] [] [2021-05-05 08:22:52,563] []  INFO {org.wso2.carbon.event.publisher.core.internal.util.helper.EventPublisherConfigurationFilesystemInvoker} - Event Publisher configuration deleted from the file system : IsAnalytics-Publisher-wso2event-OauthTokenRevocation.xml
TID: [-1234] [] [2021-05-05 08:22:52,571] []  INFO {org.wso2.carbon.event.publisher.core.EventPublisherDeployer} - Event Publisher undeployed successfully : IsAnalytics-Publisher-wso2event-OauthTokenRevocation.xml
TID: [-1234] [] [2021-05-05 08:22:52,574] []  INFO {org.wso2.carbon.event.publisher.core.internal.util.helper.EventPublisherConfigurationFilesystemInvoker} - Event Publisher configuration saved in the filesystem : IsAnalytics-Publisher-wso2event-OauthTokenRevocation.xml
TID: [-1234] [] [2021-05-05 08:22:52,586] []  INFO {org.wso2.carbon.event.publisher.core.EventPublisherDeployer} - Event Publisher deployment held back and in inactive state :IsAnalytics-Publisher-wso2event-OauthTokenRevocation.xml, Stream validation exception : Stream org.wso2.is.analytics.stream.OauthTokenRevocation:1.0.0 does not exist
TID: [-1234] [] [2021-05-05 08:22:52,591] []  INFO {org.wso2.carbon.event.publisher.core.internal.util.helper.EventPublisherConfigurationFilesystemInvoker} - Event Publisher configuration deleted from the file system : IsAnalytics-Publisher-wso2event-OauthTokenValidation.xml
TID: [-1234] [] [2021-05-05 08:22:52,592] []  INFO {org.wso2.carbon.event.publisher.core.EventPublisherDeployer} - Event Publisher undeployed successfully : IsAnalytics-Publisher-wso2event-OauthTokenValidation.xml
TID: [-1234] [] [2021-05-05 08:22:52,607] []  INFO {org.wso2.carbon.event.publisher.core.internal.util.helper.EventPublisherConfigurationFilesystemInvoker} - Event Publisher configuration saved in the filesystem : IsAnalytics-Publisher-wso2event-OauthTokenValidation.xml
TID: [-1234] [] [2021-05-05 08:22:52,610] []  INFO {org.wso2.carbon.event.publisher.core.EventPublisherDeployer} - Event Publisher deployment held back and in inactive state :IsAnalytics-Publisher-wso2event-OauthTokenValidation.xml, Stream validation exception : Stream org.wso2.is.analytics.stream.OauthTokenValidation:1.0.0 does not exist
TID: [-1234] [] [2021-05-05 08:22:52,621] []  INFO {org.wso2.carbon.event.publisher.core.internal.util.helper.EventPublisherConfigurationFilesystemInvoker} - Event Publisher configuration deleted from the file system : IsAnalytics-Publisher-wso2event-RoleData.xml
TID: [-1234] [] [2021-05-05 08:22:52,622] []  INFO {org.wso2.carbon.event.publisher.core.EventPublisherDeployer} - Event Publisher undeployed successfully : IsAnalytics-Publisher-wso2event-RoleData.xml
TID: [-1234] [] [2021-05-05 08:22:52,638] []  INFO {org.wso2.carbon.event.publisher.core.internal.util.helper.EventPublisherConfigurationFilesystemInvoker} - Event Publisher configuration saved in the filesystem : IsAnalytics-Publisher-wso2event-RoleData.xml
TID: [-1234] [] [2021-05-05 08:22:52,644] []  INFO {org.wso2.carbon.event.publisher.core.EventPublisherDeployer} - Event Publisher deployment held back and in inactive state :IsAnalytics-Publisher-wso2event-RoleData.xml, Stream validation exception : Stream org.wso2.is.analytics.stream.OverallRoleData:1.0.0 does not exist
TID: [-1234] [] [2021-05-05 08:22:52,654] []  INFO {org.wso2.carbon.event.publisher.core.internal.util.helper.EventPublisherConfigurationFilesystemInvoker} - Event Publisher configuration deleted from the file system : IsAnalytics-Publisher-wso2event-SessionData.xml
TID: [-1234] [] [2021-05-05 08:22:52,654] []  INFO {org.wso2.carbon.event.publisher.core.EventPublisherDeployer} - Event Publisher undeployed successfully : IsAnalytics-Publisher-wso2event-SessionData.xml
TID: [-1234] [] [2021-05-05 08:22:52,664] []  INFO {org.wso2.carbon.event.publisher.core.internal.util.helper.EventPublisherConfigurationFilesystemInvoker} - Event Publisher configuration saved in the filesystem : IsAnalytics-Publisher-wso2event-SessionData.xml
TID: [-1234] [] [2021-05-05 08:22:52,667] []  INFO {org.wso2.carbon.event.publisher.core.EventPublisherDeployer} - Event Publisher deployment held back and in inactive state :IsAnalytics-Publisher-wso2event-SessionData.xml, Stream validation exception : Stream org.wso2.is.analytics.stream.OverallSession:1.0.0 does not exist
TID: [-1234] [] [2021-05-05 08:22:52,677] []  INFO {org.wso2.carbon.event.publisher.core.internal.util.helper.EventPublisherConfigurationFilesystemInvoker} - Event Publisher configuration deleted from the file system : IsAnalytics-Publisher-wso2event-UserData.xml
TID: [-1234] [] [2021-05-05 08:22:52,677] []  INFO {org.wso2.carbon.event.publisher.core.EventPublisherDeployer} - Event Publisher undeployed successfully : IsAnalytics-Publisher-wso2event-UserData.xml
TID: [-1234] [] [2021-05-05 08:22:52,690] []  INFO {org.wso2.carbon.event.publisher.core.internal.util.helper.EventPublisherConfigurationFilesystemInvoker} - Event Publisher configuration saved in the filesystem : IsAnalytics-Publisher-wso2event-UserData.xml
TID: [-1234] [] [2021-05-05 08:22:52,696] []  INFO {org.wso2.carbon.event.publisher.core.EventPublisherDeployer} - Event Publisher deployment held back and in inactive state :IsAnalytics-Publisher-wso2event-UserData.xml, Stream validation exception : Stream org.wso2.is.analytics.stream.OverallUserData:1.0.0 does not exist
TID: [-1234] [] [2021-05-05 08:22:52,754] []  INFO {org.wso2.carbon.event.publisher.core.EventPublisherDeployer} - Event Publisher undeployed successfully : EmailPublisher.xml
TID: [-1234] [] [2021-05-05 08:22:52,776] []  INFO {org.wso2.carbon.event.stream.core.internal.EventJunction} - WSO2EventConsumer added to the junction. Stream:id_gov_notify_stream:1.0.0
TID: [-1234] [] [2021-05-05 08:22:52,782] []  INFO {org.wso2.carbon.event.publisher.core.EventPublisherDeployer} - Event Publisher configuration successfully deployed and in active state : EmailPublisher
TID: [-1234] [] [2021-05-05 08:22:52,782] []  INFO {org.wso2.carbon.event.stream.core.EventStreamDeployer} - Stream definition is deployed successfully  : id_gov_notify_stream:1.0.0
TID: [-1234] [] [2021-05-05 08:22:52,786] []  INFO {org.wso2.carbon.event.stream.core.EventStreamDeployer} - Stream definition is deployed successfully  : id_gov_sms_notify_stream:1.0.0
TID: [-1234] [] [2021-05-05 08:22:52,789] []  INFO {org.wso2.carbon.event.publisher.core.EventPublisherDeployer} - Event Publisher undeployed successfully : IsAnalytics-Publisher-wso2event-OauthTokenIssueRefresh.xml
TID: [-1234] [] [2021-05-05 08:22:52,801] []  INFO {org.wso2.carbon.event.stream.core.internal.EventJunction} - WSO2EventConsumer added to the junction. Stream:org.wso2.is.analytics.stream.OauthTokenIssuance:1.0.0
TID: [-1234] [] [2021-05-05 08:22:52,808] []  INFO {org.wso2.carbon.event.publisher.core.EventPublisherDeployer} - Event Publisher configuration successfully deployed and in active state : IsAnalytics-Publisher-wso2event-OauthTokenIssueRefresh
TID: [-1234] [] [2021-05-05 08:22:52,809] []  INFO {org.wso2.carbon.event.stream.core.EventStreamDeployer} - Stream definition is deployed successfully  : org.wso2.is.analytics.stream.OauthTokenIssuance:1.0.0
TID: [-1234] [] [2021-05-05 08:22:52,818] []  INFO {org.wso2.carbon.event.publisher.core.EventPublisherDeployer} - Event Publisher undeployed successfully : IsAnalytics-Publisher-wso2event-OauthTokenRevocation.xml
TID: [-1234] [] [2021-05-05 08:22:52,820] []  INFO {org.wso2.carbon.event.stream.core.internal.EventJunction} - WSO2EventConsumer added to the junction. Stream:org.wso2.is.analytics.stream.OauthTokenRevocation:1.0.0
TID: [-1234] [] [2021-05-05 08:22:52,824] []  INFO {org.wso2.carbon.event.publisher.core.EventPublisherDeployer} - Event Publisher configuration successfully deployed and in active state : IsAnalytics-Publisher-wso2event-OauthTokenRevocation
TID: [-1234] [] [2021-05-05 08:22:52,825] []  INFO {org.wso2.carbon.event.stream.core.EventStreamDeployer} - Stream definition is deployed successfully  : org.wso2.is.analytics.stream.OauthTokenRevocation:1.0.0
TID: [-1234] [] [2021-05-05 08:22:52,828] []  INFO {org.wso2.carbon.event.publisher.core.EventPublisherDeployer} - Event Publisher undeployed successfully : IsAnalytics-Publisher-wso2event-OauthTokenValidation.xml
TID: [-1234] [] [2021-05-05 08:22:52,830] []  INFO {org.wso2.carbon.event.stream.core.internal.EventJunction} - WSO2EventConsumer added to the junction. Stream:org.wso2.is.analytics.stream.OauthTokenValidation:1.0.0
TID: [-1234] [] [2021-05-05 08:22:52,831] []  INFO {org.wso2.carbon.event.publisher.core.EventPublisherDeployer} - Event Publisher configuration successfully deployed and in active state : IsAnalytics-Publisher-wso2event-OauthTokenValidation
TID: [-1234] [] [2021-05-05 08:22:52,836] []  INFO {org.wso2.carbon.event.stream.core.EventStreamDeployer} - Stream definition is deployed successfully  : org.wso2.is.analytics.stream.OauthTokenValidation:1.0.0
TID: [-1234] [] [2021-05-05 08:22:52,843] []  INFO {org.wso2.carbon.event.publisher.core.EventPublisherDeployer} - Event Publisher undeployed successfully : IsAnalytics-Publisher-wso2event-AuthenticationData.xml
TID: [-1234] [] [2021-05-05 08:22:52,849] []  INFO {org.wso2.carbon.event.stream.core.internal.EventJunction} - WSO2EventConsumer added to the junction. Stream:org.wso2.is.analytics.stream.OverallAuthentication:1.0.0
TID: [-1234] [] [2021-05-05 08:22:52,850] []  INFO {org.wso2.carbon.event.publisher.core.EventPublisherDeployer} - Event Publisher configuration successfully deployed and in active state : IsAnalytics-Publisher-wso2event-AuthenticationData
TID: [-1234] [] [2021-05-05 08:22:52,851] []  INFO {org.wso2.carbon.event.stream.core.EventStreamDeployer} - Stream definition is deployed successfully  : org.wso2.is.analytics.stream.OverallAuthentication:1.0.0
TID: [-1234] [] [2021-05-05 08:22:52,875] []  INFO {org.wso2.carbon.event.publisher.core.EventPublisherDeployer} - Event Publisher undeployed successfully : IsAnalytics-Publisher-wso2event-AuthenticationData-1.1.0.xml
TID: [-1234] [] [2021-05-05 08:22:52,879] []  INFO {org.wso2.carbon.event.stream.core.internal.EventJunction} - WSO2EventConsumer added to the junction. Stream:org.wso2.is.analytics.stream.OverallAuthentication:1.1.0
TID: [-1234] [] [2021-05-05 08:22:52,884] []  INFO {org.wso2.carbon.event.publisher.core.EventPublisherDeployer} - Event Publisher configuration successfully deployed and in active state : IsAnalytics-Publisher-wso2event-AuthenticationData-1.1.0
TID: [-1234] [] [2021-05-05 08:22:52,885] []  INFO {org.wso2.carbon.event.stream.core.EventStreamDeployer} - Stream definition is deployed successfully  : org.wso2.is.analytics.stream.OverallAuthentication:1.1.0
TID: [-1234] [] [2021-05-05 08:22:52,891] []  INFO {org.wso2.carbon.event.publisher.core.EventPublisherDeployer} - Event Publisher undeployed successfully : IsAnalytics-Publisher-wso2event-RoleData.xml
TID: [-1234] [] [2021-05-05 08:22:52,894] []  INFO {org.wso2.carbon.event.stream.core.internal.EventJunction} - WSO2EventConsumer added to the junction. Stream:org.wso2.is.analytics.stream.OverallRoleData:1.0.0
TID: [-1234] [] [2021-05-05 08:22:52,896] []  INFO {org.wso2.carbon.event.publisher.core.EventPublisherDeployer} - Event Publisher configuration successfully deployed and in active state : IsAnalytics-Publisher-wso2event-RoleData
TID: [-1234] [] [2021-05-05 08:22:52,897] []  INFO {org.wso2.carbon.event.stream.core.EventStreamDeployer} - Stream definition is deployed successfully  : org.wso2.is.analytics.stream.OverallRoleData:1.0.0
TID: [-1234] [] [2021-05-05 08:22:52,905] []  INFO {org.wso2.carbon.event.publisher.core.EventPublisherDeployer} - Event Publisher undeployed successfully : IsAnalytics-Publisher-wso2event-SessionData.xml
TID: [-1234] [] [2021-05-05 08:22:52,918] []  INFO {org.wso2.carbon.event.stream.core.internal.EventJunction} - WSO2EventConsumer added to the junction. Stream:org.wso2.is.analytics.stream.OverallSession:1.0.0
TID: [-1234] [] [2021-05-05 08:22:52,919] []  INFO {org.wso2.carbon.event.publisher.core.EventPublisherDeployer} - Event Publisher configuration successfully deployed and in active state : IsAnalytics-Publisher-wso2event-SessionData
TID: [-1234] [] [2021-05-05 08:22:52,921] []  INFO {org.wso2.carbon.event.stream.core.EventStreamDeployer} - Stream definition is deployed successfully  : org.wso2.is.analytics.stream.OverallSession:1.0.0
TID: [-1234] [] [2021-05-05 08:22:52,930] []  INFO {org.wso2.carbon.event.stream.core.EventStreamDeployer} - Stream definition is deployed successfully  : org.wso2.is.analytics.stream.OverallSession:1.0.1
TID: [-1234] [] [2021-05-05 08:22:52,935] []  INFO {org.wso2.carbon.event.publisher.core.EventPublisherDeployer} - Event Publisher undeployed successfully : IsAnalytics-Publisher-wso2event-UserData.xml
TID: [-1234] [] [2021-05-05 08:22:52,940] []  INFO {org.wso2.carbon.event.stream.core.internal.EventJunction} - WSO2EventConsumer added to the junction. Stream:org.wso2.is.analytics.stream.OverallUserData:1.0.0
TID: [-1234] [] [2021-05-05 08:22:52,948] []  INFO {org.wso2.carbon.event.publisher.core.EventPublisherDeployer} - Event Publisher configuration successfully deployed and in active state : IsAnalytics-Publisher-wso2event-UserData
TID: [-1234] [] [2021-05-05 08:22:52,949] []  INFO {org.wso2.carbon.event.stream.core.EventStreamDeployer} - Stream definition is deployed successfully  : org.wso2.is.analytics.stream.OverallUserData:1.0.0
TID: [-1234] [STRATOS_ROOT] [2021-05-05 08:22:53,395] []  INFO {org.apache.jasper.servlet.TldScanner} - At least one JAR was scanned for TLDs yet contained no TLDs. Enable debug logging for this logger for a complete list of JARs that were scanned but no TLDs were found in them. Skipping unneeded JARs during scanning can improve startup time and JSP compilation time.
TID: [-1234] [STRATOS_ROOT] [2021-05-05 08:22:53,424] []  INFO {org.wso2.carbon.webapp.mgt.TomcatGenericWebappsDeployer} - Deployed webapp: StandardEngine[Catalina].StandardHost[localhost].StandardContext[/STRATOS_ROOT].File[/home/wso2carbon/wso2is-5.11.0/repository/deployment/server/webapps/STRATOS_ROOT]
TID: [-1234] [accountrecoveryendpoint] [2021-05-05 08:22:53,871] []  INFO {org.apache.jasper.servlet.TldScanner} - At least one JAR was scanned for TLDs yet contained no TLDs. Enable debug logging for this logger for a complete list of JARs that were scanned but no TLDs were found in them. Skipping unneeded JARs during scanning can improve startup time and JSP compilation time.
TID: [-1234] [accountrecoveryendpoint] [2021-05-05 08:22:56,915] []  INFO {org.wso2.carbon.webapp.mgt.TomcatGenericWebappsDeployer} - Deployed webapp: StandardEngine[Catalina].StandardHost[localhost].StandardContext[/accountrecoveryendpoint].File[/home/wso2carbon/wso2is-5.11.0/repository/deployment/server/webapps/accountrecoveryendpoint]
TID: [-1234] [api] [2021-05-05 08:22:57,786] []  INFO {org.apache.jasper.servlet.TldScanner} - At least one JAR was scanned for TLDs yet contained no TLDs. Enable debug logging for this logger for a complete list of JARs that were scanned but no TLDs were found in them. Skipping unneeded JARs during scanning can improve startup time and JSP compilation time.
TID: [-1234] [api] [2021-05-05 08:23:01,270] []  INFO {org.hibernate.validator.internal.util.Version} - HV000001: Hibernate Validator 6.0.17.Final
TID: [-1234] [api] [2021-05-05 08:23:03,358] []  INFO {org.wso2.carbon.webapp.mgt.TomcatGenericWebappsDeployer} - Deployed webapp: StandardEngine[Catalina].StandardHost[localhost].StandardContext[/api].File[/home/wso2carbon/wso2is-5.11.0/repository/deployment/server/webapps/api]
TID: [-1234] [api#health-check#v1.0] [2021-05-05 08:23:03,762] []  INFO {org.apache.jasper.servlet.TldScanner} - At least one JAR was scanned for TLDs yet contained no TLDs. Enable debug logging for this logger for a complete list of JARs that were scanned but no TLDs were found in them. Skipping unneeded JARs during scanning can improve startup time and JSP compilation time.
TID: [-1234] [api#health-check#v1.0] [2021-05-05 08:23:04,879] []  INFO {org.wso2.carbon.webapp.mgt.TomcatGenericWebappsDeployer} - Deployed webapp: StandardEngine[Catalina].StandardHost[localhost].StandardContext[/api/health-check/v1.0].File[/home/wso2carbon/wso2is-5.11.0/repository/deployment/server/webapps/api#health-check#v1.0]
TID: [-1234] [api#identity#auth#v1.1] [2021-05-05 08:23:05,256] []  INFO {org.apache.jasper.servlet.TldScanner} - At least one JAR was scanned for TLDs yet contained no TLDs. Enable debug logging for this logger for a complete list of JARs that were scanned but no TLDs were found in them. Skipping unneeded JARs during scanning can improve startup time and JSP compilation time.
TID: [-1234] [api#identity#auth#v1.1] [2021-05-05 08:23:06,210] []  INFO {org.wso2.carbon.webapp.mgt.TomcatGenericWebappsDeployer} - Deployed webapp: StandardEngine[Catalina].StandardHost[localhost].StandardContext[/api/identity/auth/v1.1].File[/home/wso2carbon/wso2is-5.11.0/repository/deployment/server/webapps/api#identity#auth#v1.1]
TID: [-1234] [api#identity#config-mgt#v1.0] [2021-05-05 08:23:06,517] []  INFO {org.apache.jasper.servlet.TldScanner} - At least one JAR was scanned for TLDs yet contained no TLDs. Enable debug logging for this logger for a complete list of JARs that were scanned but no TLDs were found in them. Skipping unneeded JARs during scanning can improve startup time and JSP compilation time.
TID: [-1234] [api#identity#config-mgt#v1.0] [2021-05-05 08:23:07,549] []  INFO {org.wso2.carbon.webapp.mgt.TomcatGenericWebappsDeployer} - Deployed webapp: StandardEngine[Catalina].StandardHost[localhost].StandardContext[/api/identity/config-mgt/v1.0].File[/home/wso2carbon/wso2is-5.11.0/repository/deployment/server/webapps/api#identity#config-mgt#v1.0]
TID: [-1234] [api#identity#consent-mgt#v1.0] [2021-05-05 08:23:07,859] []  INFO {org.apache.jasper.servlet.TldScanner} - At least one JAR was scanned for TLDs yet contained no TLDs. Enable debug logging for this logger for a complete list of JARs that were scanned but no TLDs were found in them. Skipping unneeded JARs during scanning can improve startup time and JSP compilation time.
TID: [-1234] [api#identity#consent-mgt#v1.0] [2021-05-05 08:23:08,974] []  INFO {org.wso2.carbon.webapp.mgt.TomcatGenericWebappsDeployer} - Deployed webapp: StandardEngine[Catalina].StandardHost[localhost].StandardContext[/api/identity/consent-mgt/v1.0].File[/home/wso2carbon/wso2is-5.11.0/repository/deployment/server/webapps/api#identity#consent-mgt#v1.0]
TID: [-1234] [api#identity#entitlement] [2021-05-05 08:23:09,307] []  INFO {org.apache.jasper.servlet.TldScanner} - At least one JAR was scanned for TLDs yet contained no TLDs. Enable debug logging for this logger for a complete list of JARs that were scanned but no TLDs were found in them. Skipping unneeded JARs during scanning can improve startup time and JSP compilation time.
TID: [-1234] [api#identity#entitlement] [2021-05-05 08:23:10,282] []  INFO {org.reflections.Reflections} - Reflections took 84 ms to scan 1 urls, producing 50 keys and 77 values 
TID: [-1234] [api#identity#entitlement] [2021-05-05 08:23:10,909] []  INFO {org.wso2.carbon.webapp.mgt.TomcatGenericWebappsDeployer} - Deployed webapp: StandardEngine[Catalina].StandardHost[localhost].StandardContext[/api/identity/entitlement].File[/home/wso2carbon/wso2is-5.11.0/repository/deployment/server/webapps/api#identity#entitlement]
TID: [-1234] [api#identity#oauth2#dcr#v1.1] [2021-05-05 08:23:11,208] []  INFO {org.apache.jasper.servlet.TldScanner} - At least one JAR was scanned for TLDs yet contained no TLDs. Enable debug logging for this logger for a complete list of JARs that were scanned but no TLDs were found in them. Skipping unneeded JARs during scanning can improve startup time and JSP compilation time.
TID: [-1234] [api#identity#oauth2#dcr#v1.1] [2021-05-05 08:23:12,108] []  INFO {org.wso2.carbon.webapp.mgt.TomcatGenericWebappsDeployer} - Deployed webapp: StandardEngine[Catalina].StandardHost[localhost].StandardContext[/api/identity/oauth2/dcr/v1.1].File[/home/wso2carbon/wso2is-5.11.0/repository/deployment/server/webapps/api#identity#oauth2#dcr#v1.1]
TID: [-1234] [api#identity#oauth2#uma#permission#v1.0] [2021-05-05 08:23:12,507] []  INFO {org.apache.jasper.servlet.TldScanner} - At least one JAR was scanned for TLDs yet contained no TLDs. Enable debug logging for this logger for a complete list of JARs that were scanned but no TLDs were found in them. Skipping unneeded JARs during scanning can improve startup time and JSP compilation time.
TID: [-1234] [api#identity#oauth2#uma#permission#v1.0] [2021-05-05 08:23:13,585] []  INFO {org.wso2.carbon.webapp.mgt.TomcatGenericWebappsDeployer} - Deployed webapp: StandardEngine[Catalina].StandardHost[localhost].StandardContext[/api/identity/oauth2/uma/permission/v1.0].File[/home/wso2carbon/wso2is-5.11.0/repository/deployment/server/webapps/api#identity#oauth2#uma#permission#v1.0]
TID: [-1234] [api#identity#oauth2#uma#resourceregistration#v1.0] [2021-05-05 08:23:13,882] []  INFO {org.apache.jasper.servlet.TldScanner} - At least one JAR was scanned for TLDs yet contained no TLDs. Enable debug logging for this logger for a complete list of JARs that were scanned but no TLDs were found in them. Skipping unneeded JARs during scanning can improve startup time and JSP compilation time.
TID: [-1234] [api#identity#oauth2#uma#resourceregistration#v1.0] [2021-05-05 08:23:14,691] []  INFO {org.wso2.carbon.webapp.mgt.TomcatGenericWebappsDeployer} - Deployed webapp: StandardEngine[Catalina].StandardHost[localhost].StandardContext[/api/identity/oauth2/uma/resourceregistration/v1.0].File[/home/wso2carbon/wso2is-5.11.0/repository/deployment/server/webapps/api#identity#oauth2#uma#resourceregistration#v1.0]
TID: [-1234] [api#identity#oauth2#v1.0] [2021-05-05 08:23:14,999] []  INFO {org.apache.jasper.servlet.TldScanner} - At least one JAR was scanned for TLDs yet contained no TLDs. Enable debug logging for this logger for a complete list of JARs that were scanned but no TLDs were found in them. Skipping unneeded JARs during scanning can improve startup time and JSP compilation time.
TID: [-1234] [api#identity#oauth2#v1.0] [2021-05-05 08:23:15,801] []  INFO {org.wso2.carbon.webapp.mgt.TomcatGenericWebappsDeployer} - Deployed webapp: StandardEngine[Catalina].StandardHost[localhost].StandardContext[/api/identity/oauth2/v1.0].File[/home/wso2carbon/wso2is-5.11.0/repository/deployment/server/webapps/api#identity#oauth2#v1.0]
TID: [-1234] [api#identity#recovery#v0.9] [2021-05-05 08:23:16,142] []  INFO {org.apache.jasper.servlet.TldScanner} - At least one JAR was scanned for TLDs yet contained no TLDs. Enable debug logging for this logger for a complete list of JARs that were scanned but no TLDs were found in them. Skipping unneeded JARs during scanning can improve startup time and JSP compilation time.
TID: [-1234] [api#identity#recovery#v0.9] [2021-05-05 08:23:17,059] []  INFO {org.wso2.carbon.webapp.mgt.TomcatGenericWebappsDeployer} - Deployed webapp: StandardEngine[Catalina].StandardHost[localhost].StandardContext[/api/identity/recovery/v0.9].File[/home/wso2carbon/wso2is-5.11.0/repository/deployment/server/webapps/api#identity#recovery#v0.9]
TID: [-1234] [api#identity#template#mgt#v1.0.0] [2021-05-05 08:23:17,358] []  INFO {org.apache.jasper.servlet.TldScanner} - At least one JAR was scanned for TLDs yet contained no TLDs. Enable debug logging for this logger for a complete list of JARs that were scanned but no TLDs were found in them. Skipping unneeded JARs during scanning can improve startup time and JSP compilation time.
TID: [-1234] [api#identity#template#mgt#v1.0.0] [2021-05-05 08:23:18,026] []  INFO {org.wso2.carbon.webapp.mgt.TomcatGenericWebappsDeployer} - Deployed webapp: StandardEngine[Catalina].StandardHost[localhost].StandardContext[/api/identity/template/mgt/v1.0.0].File[/home/wso2carbon/wso2is-5.11.0/repository/deployment/server/webapps/api#identity#template#mgt#v1.0.0]
TID: [-1234] [api#identity#user#v1.0] [2021-05-05 08:23:18,373] []  INFO {org.apache.jasper.servlet.TldScanner} - At least one JAR was scanned for TLDs yet contained no TLDs. Enable debug logging for this logger for a complete list of JARs that were scanned but no TLDs were found in them. Skipping unneeded JARs during scanning can improve startup time and JSP compilation time.
TID: [-1234] [api#identity#user#v1.0] [2021-05-05 08:23:19,221] []  INFO {org.wso2.carbon.webapp.mgt.TomcatGenericWebappsDeployer} - Deployed webapp: StandardEngine[Catalina].StandardHost[localhost].StandardContext[/api/identity/user/v1.0].File[/home/wso2carbon/wso2is-5.11.0/repository/deployment/server/webapps/api#identity#user#v1.0]
TID: [-1234] [api#users#v2#me#webauthn] [2021-05-05 08:23:19,535] []  INFO {org.apache.jasper.servlet.TldScanner} - At least one JAR was scanned for TLDs yet contained no TLDs. Enable debug logging for this logger for a complete list of JARs that were scanned but no TLDs were found in them. Skipping unneeded JARs during scanning can improve startup time and JSP compilation time.
TID: [-1234] [api#users#v2#me#webauthn] [2021-05-05 08:23:20,340] []  INFO {org.wso2.carbon.webapp.mgt.TomcatGenericWebappsDeployer} - Deployed webapp: StandardEngine[Catalina].StandardHost[localhost].StandardContext[/api/users/v2/me/webauthn].File[/home/wso2carbon/wso2is-5.11.0/repository/deployment/server/webapps/api#users#v2#me#webauthn]
TID: [-1234] [authenticationendpoint] [2021-05-05 08:23:20,711] []  INFO {org.apache.jasper.servlet.TldScanner} - At least one JAR was scanned for TLDs yet contained no TLDs. Enable debug logging for this logger for a complete list of JARs that were scanned but no TLDs were found in them. Skipping unneeded JARs during scanning can improve startup time and JSP compilation time.
TID: [-1234] [authenticationendpoint] [2021-05-05 08:23:20,736] []  INFO {org.wso2.carbon.identity.application.authentication.endpoint.util.TenantDataManager} - EndpointConfig.properties file loaded from ./repository/conf/identity/EndpointConfig.properties
TID: [-1234] [authenticationendpoint] [2021-05-05 08:23:20,740] []  INFO {org.wso2.carbon.identity.application.authentication.endpoint.util.MutualSSLManager} - EndpointConfig.properties file loaded from ./repository/conf/identity/EndpointConfig.properties
TID: [-1234] [authenticationendpoint] [2021-05-05 08:23:20,780] []  INFO {org.wso2.carbon.identity.application.authentication.endpoint.util.EndpointConfigManager} - EndpointConfig.properties file loaded from ./repository/conf/identity/EndpointConfig.properties
TID: [-1234] [authenticationendpoint] [2021-05-05 08:23:23,004] []  INFO {org.wso2.carbon.webapp.mgt.TomcatGenericWebappsDeployer} - Deployed webapp: StandardEngine[Catalina].StandardHost[localhost].StandardContext[/authenticationendpoint].File[/home/wso2carbon/wso2is-5.11.0/repository/deployment/server/webapps/authenticationendpoint]
TID: [-1234] [console] [2021-05-05 08:23:23,222] []  INFO {org.apache.jasper.servlet.TldScanner} - At least one JAR was scanned for TLDs yet contained no TLDs. Enable debug logging for this logger for a complete list of JARs that were scanned but no TLDs were found in them. Skipping unneeded JARs during scanning can improve startup time and JSP compilation time.
TID: [-1234] [console] [2021-05-05 08:23:23,363] []  INFO {org.wso2.carbon.webapp.mgt.TomcatGenericWebappsDeployer} - Deployed webapp: StandardEngine[Catalina].StandardHost[localhost].StandardContext[/console].File[/home/wso2carbon/wso2is-5.11.0/repository/deployment/server/webapps/console]
TID: [-1234] [emailotpauthenticationendpoint] [2021-05-05 08:23:23,830] []  INFO {org.apache.jasper.servlet.TldScanner} - At least one JAR was scanned for TLDs yet contained no TLDs. Enable debug logging for this logger for a complete list of JARs that were scanned but no TLDs were found in them. Skipping unneeded JARs during scanning can improve startup time and JSP compilation time.
TID: [-1234] [emailotpauthenticationendpoint] [2021-05-05 08:23:23,837] []  INFO {org.wso2.carbon.webapp.mgt.TomcatGenericWebappsDeployer} - Deployed webapp: StandardEngine[Catalina].StandardHost[localhost].StandardContext[/emailotpauthenticationendpoint].File[/home/wso2carbon/wso2is-5.11.0/repository/deployment/server/webapps/emailotpauthenticationendpoint]
TID: [-1234] [lsp] [2021-05-05 08:23:24,403] []  INFO {org.apache.jasper.servlet.TldScanner} - At least one JAR was scanned for TLDs yet contained no TLDs. Enable debug logging for this logger for a complete list of JARs that were scanned but no TLDs were found in them. Skipping unneeded JARs during scanning can improve startup time and JSP compilation time.
TID: [-1234] [lsp] [2021-05-05 08:23:24,481] []  INFO {org.wso2.carbon.webapp.mgt.TomcatGenericWebappsDeployer} - Deployed webapp: StandardEngine[Catalina].StandardHost[localhost].StandardContext[/lsp].File[/home/wso2carbon/wso2is-5.11.0/repository/deployment/server/webapps/lsp]
TID: [-1234] [mex] [2021-05-05 08:23:24,691] []  INFO {org.apache.jasper.servlet.TldScanner} - At least one JAR was scanned for TLDs yet contained no TLDs. Enable debug logging for this logger for a complete list of JARs that were scanned but no TLDs were found in them. Skipping unneeded JARs during scanning can improve startup time and JSP compilation time.
TID: [-1234] [mex] [2021-05-05 08:23:24,693] []  INFO {org.wso2.carbon.webapp.mgt.TomcatGenericWebappsDeployer} - Deployed webapp: StandardEngine[Catalina].StandardHost[localhost].StandardContext[/mex].File[/home/wso2carbon/wso2is-5.11.0/repository/deployment/server/webapps/mex]
TID: [-1234] [mexut] [2021-05-05 08:23:24,902] []  INFO {org.apache.jasper.servlet.TldScanner} - At least one JAR was scanned for TLDs yet contained no TLDs. Enable debug logging for this logger for a complete list of JARs that were scanned but no TLDs were found in them. Skipping unneeded JARs during scanning can improve startup time and JSP compilation time.
TID: [-1234] [mexut] [2021-05-05 08:23:25,495] []  INFO {org.wso2.carbon.webapp.mgt.TomcatGenericWebappsDeployer} - Deployed webapp: StandardEngine[Catalina].StandardHost[localhost].StandardContext[/mexut].File[/home/wso2carbon/wso2is-5.11.0/repository/deployment/server/webapps/mexut]
TID: [-1234] [myaccount] [2021-05-05 08:23:25,700] []  INFO {org.apache.jasper.servlet.TldScanner} - At least one JAR was scanned for TLDs yet contained no TLDs. Enable debug logging for this logger for a complete list of JARs that were scanned but no TLDs were found in them. Skipping unneeded JARs during scanning can improve startup time and JSP compilation time.
TID: [-1234] [myaccount] [2021-05-05 08:23:25,744] []  INFO {org.wso2.carbon.webapp.mgt.TomcatGenericWebappsDeployer} - Deployed webapp: StandardEngine[Catalina].StandardHost[localhost].StandardContext[/myaccount].File[/home/wso2carbon/wso2is-5.11.0/repository/deployment/server/webapps/myaccount]
TID: [-1234] [oauth2] [2021-05-05 08:23:26,003] []  INFO {org.apache.jasper.servlet.TldScanner} - At least one JAR was scanned for TLDs yet contained no TLDs. Enable debug logging for this logger for a complete list of JARs that were scanned but no TLDs were found in them. Skipping unneeded JARs during scanning can improve startup time and JSP compilation time.
TID: [-1234] [oauth2] [2021-05-05 08:23:27,118] []  INFO {org.wso2.carbon.webapp.mgt.TomcatGenericWebappsDeployer} - Deployed webapp: StandardEngine[Catalina].StandardHost[localhost].StandardContext[/oauth2].File[/home/wso2carbon/wso2is-5.11.0/repository/deployment/server/webapps/oauth2]
TID: [-1234] [scim2] [2021-05-05 08:23:27,319] []  INFO {org.apache.jasper.servlet.TldScanner} - At least one JAR was scanned for TLDs yet contained no TLDs. Enable debug logging for this logger for a complete list of JARs that were scanned but no TLDs were found in them. Skipping unneeded JARs during scanning can improve startup time and JSP compilation time.
TID: [-1234] [scim2] [2021-05-05 08:23:28,100] []  INFO {org.wso2.carbon.webapp.mgt.TomcatGenericWebappsDeployer} - Deployed webapp: StandardEngine[Catalina].StandardHost[localhost].StandardContext[/scim2].File[/home/wso2carbon/wso2is-5.11.0/repository/deployment/server/webapps/scim2]
TID: [-1234] [smsotpauthenticationendpoint] [2021-05-05 08:23:28,306] []  INFO {org.apache.jasper.servlet.TldScanner} - At least one JAR was scanned for TLDs yet contained no TLDs. Enable debug logging for this logger for a complete list of JARs that were scanned but no TLDs were found in them. Skipping unneeded JARs during scanning can improve startup time and JSP compilation time.
TID: [-1234] [smsotpauthenticationendpoint] [2021-05-05 08:23:28,310] []  INFO {org.wso2.carbon.webapp.mgt.TomcatGenericWebappsDeployer} - Deployed webapp: StandardEngine[Catalina].StandardHost[localhost].StandardContext[/smsotpauthenticationendpoint].File[/home/wso2carbon/wso2is-5.11.0/repository/deployment/server/webapps/smsotpauthenticationendpoint]
TID: [-1234] [totpauthenticationendpoint] [2021-05-05 08:23:28,572] []  INFO {org.apache.jasper.servlet.TldScanner} - At least one JAR was scanned for TLDs yet contained no TLDs. Enable debug logging for this logger for a complete list of JARs that were scanned but no TLDs were found in them. Skipping unneeded JARs during scanning can improve startup time and JSP compilation time.
TID: [-1234] [totpauthenticationendpoint] [2021-05-05 08:23:28,581] []  INFO {org.wso2.carbon.identity.application.authentication.endpoint.util.TenantDataManager} - EndpointConfig.properties file loaded from ./repository/conf/identity/EndpointConfig.properties
TID: [-1234] [totpauthenticationendpoint] [2021-05-05 08:23:28,584] []  INFO {org.wso2.carbon.identity.application.authentication.endpoint.util.MutualSSLManager} - EndpointConfig.properties file loaded from ./repository/conf/identity/EndpointConfig.properties
TID: [-1234] [totpauthenticationendpoint] [2021-05-05 08:23:28,606] []  INFO {org.wso2.carbon.identity.application.authentication.endpoint.util.EndpointConfigManager} - EndpointConfig.properties file loaded from ./repository/conf/identity/EndpointConfig.properties
TID: [-1234] [totpauthenticationendpoint] [2021-05-05 08:23:28,623] []  INFO {org.wso2.carbon.webapp.mgt.TomcatGenericWebappsDeployer} - Deployed webapp: StandardEngine[Catalina].StandardHost[localhost].StandardContext[/totpauthenticationendpoint].File[/home/wso2carbon/wso2is-5.11.0/repository/deployment/server/webapps/totpauthenticationendpoint]
TID: [-1234] [wso2] [2021-05-05 08:23:28,855] []  INFO {org.apache.jasper.servlet.TldScanner} - At least one JAR was scanned for TLDs yet contained no TLDs. Enable debug logging for this logger for a complete list of JARs that were scanned but no TLDs were found in them. Skipping unneeded JARs during scanning can improve startup time and JSP compilation time.
TID: [-1234] [wso2] [2021-05-05 08:23:29,586] []  INFO {org.wso2.carbon.webapp.mgt.TomcatGenericWebappsDeployer} - Deployed webapp: StandardEngine[Catalina].StandardHost[localhost].StandardContext[/wso2].File[/home/wso2carbon/wso2is-5.11.0/repository/deployment/server/webapps/wso2]
TID: [-1234] [x509certificateauthenticationendpoint] [2021-05-05 08:23:29,966] []  INFO {org.apache.jasper.servlet.TldScanner} - At least one JAR was scanned for TLDs yet contained no TLDs. Enable debug logging for this logger for a complete list of JARs that were scanned but no TLDs were found in them. Skipping unneeded JARs during scanning can improve startup time and JSP compilation time.
TID: [-1234] [x509certificateauthenticationendpoint] [2021-05-05 08:23:29,973] []  INFO {org.wso2.carbon.webapp.mgt.TomcatGenericWebappsDeployer} - Deployed webapp: StandardEngine[Catalina].StandardHost[localhost].StandardContext[/x509certificateauthenticationendpoint].File[/home/wso2carbon/wso2is-5.11.0/repository/deployment/server/webapps/x509certificateauthenticationendpoint]
TID: [-1234] [] [2021-05-05 08:23:29,997] []  INFO {org.wso2.carbon.humantask.core.HumanTaskSchedulerInitializer} - Starting HumanTasks Scheduler
TID: [-1234] [] [2021-05-05 08:23:30,122] []  INFO {openjpa.Runtime} - Starting OpenJPA 2.2.0-wso2v1
TID: [-1234] [] [2021-05-05 08:23:30,229] []  INFO {openjpa.jdbc.JDBC} - Using dictionary class "org.apache.openjpa.jdbc.sql.H2Dictionary".
TID: [-1234] [] [2021-05-05 08:23:31,241] []  INFO {org.wso2.carbon.core.transports.http.HttpTransportListener} - HTTP port        : 9763
TID: [-1234] [] [2021-05-05 08:23:31,244] []  INFO {org.wso2.carbon.core.transports.http.HttpsTransportListener} - HTTPS port       : 9443
TID: [-1234] [] [2021-05-05 08:23:31,486] []  WARN {org.apache.tomcat.util.net.SSLUtilBase} - jsseUtil.trustedCertNotValid
TID: [-1234] [] [2021-05-05 08:23:31,493] []  WARN {org.apache.tomcat.util.net.SSLUtilBase} - jsseUtil.trustedCertNotValid
TID: [-1234] [] [2021-05-05 08:23:31,495] []  WARN {org.apache.tomcat.util.net.SSLUtilBase} - jsseUtil.trustedCertNotValid
TID: [-1234] [] [2021-05-05 08:23:31,496] []  WARN {org.apache.tomcat.util.net.SSLUtilBase} - jsseUtil.trustedCertNotValid
TID: [-1234] [] [2021-05-05 08:23:31,496] []  WARN {org.apache.tomcat.util.net.SSLUtilBase} - jsseUtil.trustedCertNotValid
TID: [-1234] [] [2021-05-05 08:23:31,880] []  INFO {org.wso2.carbon.bpel.core.ode.integration.BPELSchedulerInitializer} - Starting BPS Scheduler
TID: [-1234] [] [2021-05-05 08:23:31,939] []  INFO {openjpa.Runtime} - Starting OpenJPA 2.2.0-wso2v1
TID: [-1234] [] [2021-05-05 08:23:31,941] []  INFO {openjpa.jdbc.JDBC} - Using dictionary class "org.apache.openjpa.jdbc.sql.H2Dictionary" (H2 1.4.199 (2019-03-13) ,H2 JDBC Driver 1.4.199 (2019-03-13)).
TID: [-1234] [] [2021-05-05 08:23:32,105] []  INFO {org.wso2.carbon.core.internal.StartupFinalizerServiceComponent} - Server           :  WSO2 Identity Server-5.11.0
TID: [-1234] [] [2021-05-05 08:23:32,110] []  INFO {org.wso2.carbon.core.internal.StartupFinalizerServiceComponent} - WSO2 Carbon started in 109 sec
TID: [-1234] [] [2021-05-05 08:23:32,156] []  INFO {org.wso2.carbon.healthcheck.api.core.internal.HealthMonitorServiceComponent} - Carbon health monitoring service is activated..
TID: [-1234] [] [2021-05-05 08:23:32,834] []  INFO {org.apache.jasper.servlet.TldScanner} - At least one JAR was scanned for TLDs yet contained no TLDs. Enable debug logging for this logger for a complete list of JARs that were scanned but no TLDs were found in them. Skipping unneeded JARs during scanning can improve startup time and JSP compilation time.
TID: [-1234] [] [2021-05-05 08:23:32,918] []  INFO {org.wso2.carbon.ui.internal.CarbonUIServiceComponent} - Mgt Console URL  : https://localhost:9443/carbon/
TID: [-1234] [] [2021-05-05 08:23:33,109] []  INFO {org.wso2.carbon.identity.oauth.config.OAuthServerConfiguration} - An instance of org.wso2.carbon.identity.oauth2.token.OauthTokenIssuerImpl is created for Identity OAuth token generation.
TID: [-1234] [] [2021-05-05 08:23:33,121] []  INFO {org.opensaml.core.config.InitializationService} - Initializing OpenSAML using the Java Services API
TID: [-1] [] [2021-05-05 08:23:33,338] []  INFO {org.wso2.callhome.CallHomeExecutor} - 
..................................
There are no new updates available
..................................
TID: [-1234] [] [2021-05-05 08:23:33,917] []  INFO {org.wso2.identity.apps.common.internal.AppsCommonServiceComponent} - My Account URL : https://localhost:9443/myaccount
TID: [-1234] [] [2021-05-05 08:23:33,926] []  INFO {org.wso2.identity.apps.common.internal.AppsCommonServiceComponent} - Console URL : https://localhost:9443/console
TID: [-1234] [] [2021-05-05 08:23:33,927] []  INFO {org.wso2.identity.apps.common.internal.AppsCommonServiceComponent} - Identity apps common service component activated successfully.
