TID: [-1234] [] [2021-04-15 10:50:09,240] []  INFO {org.wso2.carbon.core.internal.CarbonCoreActivator} - Starting WSO2 Carbon...
TID: [-1] [] [2021-04-15 10:50:08,071] []  INFO {org.ops4j.pax.logging.spi.support.EventAdminConfigurationNotifier} - Sending Event Admin nofification (configuration successful) to org/ops4j/pax/logging/Configuration
TID: [-1234] [] [2021-04-15 10:50:08,071] []  INFO {org.wso2.carbon.core.internal.CarbonCoreActivator} - Operating System : Linux 5.8.0-49-generic, amd64
TID: [-1234] [] [2021-04-15 10:50:09,283] []  INFO {org.wso2.carbon.core.internal.CarbonCoreActivator} - Java Home        : /opt/java/openjdk
TID: [-1234] [] [2021-04-15 10:50:09,284] []  INFO {org.wso2.carbon.core.internal.CarbonCoreActivator} - Java Version     : 11.0.9
TID: [-1234] [] [2021-04-15 10:50:09,285] []  INFO {org.wso2.carbon.core.internal.CarbonCoreActivator} - Java VM          : OpenJDK 64-Bit Server VM 11.0.9+11,AdoptOpenJDK
TID: [-1234] [] [2021-04-15 10:50:09,286] []  INFO {org.wso2.carbon.core.internal.CarbonCoreActivator} - Carbon Home      : /home/wso2carbon/wso2is-5.11.0
TID: [-1234] [] [2021-04-15 10:50:09,286] []  INFO {org.wso2.carbon.core.internal.CarbonCoreActivator} - Java Temp Dir    : /home/wso2carbon/wso2is-5.11.0/tmp
TID: [-1234] [] [2021-04-15 10:50:09,287] []  INFO {org.wso2.carbon.core.internal.CarbonCoreActivator} - User             : wso2carbon, en-US, GMT
TID: [-1] [] [2021-04-15 10:50:10,208] []  INFO {org.wso2.carbon.event.output.adapter.kafka.internal.ds.KafkaEventAdapterServiceDS} - Successfully deployed the Kafka output event adaptor service
TID: [-1] [] [2021-04-15 10:50:11,527] []  INFO {org.wso2.carbon.identity.oauth.uma.grant.internal.UMA2GrantServiceComponent} - Policy evaluator registered successfully: DefaultPolicyEvaluator
TID: [-1] [] [2021-04-15 10:50:11,529] []  INFO {org.wso2.carbon.identity.oauth.uma.grant.internal.UMA2GrantServiceComponent} - UMA Grant component activated successfully.
TID: [-1234] [] [2021-04-15 10:50:12,306] []  INFO {org.wso2.carbon.ldap.server.configuration.LDAPConfigurationBuilder} - KDC server is disabled.
TID: [-1234] [] [2021-04-15 10:50:17,115] []  INFO {org.apache.directory.server.KERBEROS_LOG} - KeyDerivation Interceptor initialized
TID: [-1] [] [2021-04-15 10:50:17,750] []  INFO {org.wso2.carbon.mex.internal.Office365SupportMexComponent} - Office365Support MexServiceComponent bundle activated successfully..
TID: [-1] [] [2021-04-15 10:50:17,809] []  INFO {org.wso2.carbon.mex2.internal.DynamicCRMCustomMexComponent} - DynamicCRMSupport MexServiceComponent bundle activated successfully.
TID: [-1234] [] [2021-04-15 10:50:22,975] []  INFO {org.wso2.carbon.user.core.ldap.UniqueIDReadWriteLDAPUserStoreManager} - LDAP connection created successfully in read-write mode
TID: [-1234] [] [2021-04-15 10:50:23,238] []  INFO {org.wso2.carbon.consent.mgt.core.internal.ConsentManagerComponent} - ConsentManagerComponent is activated.
TID: [-1234] [] [2021-04-15 10:50:24,495] []  INFO {org.wso2.carbon.registry.core.jdbc.EmbeddedRegistryService} - Configured Registry in 313ms
TID: [-1234] [] [2021-04-15 10:50:24,568] []  INFO {org.wso2.carbon.registry.core.jdbc.EmbeddedRegistryService} - Connected to mount at configregistry in 3ms
TID: [-1234] [] [2021-04-15 10:50:24,605] []  INFO {org.wso2.carbon.registry.core.jdbc.EmbeddedRegistryService} - Connected to mount at govregistry in 39ms
TID: [-1234] [] [2021-04-15 10:50:24,804] []  INFO {org.wso2.carbon.registry.core.jdbc.EmbeddedRegistryService} - Connected to mount at configregistry in 0ms
TID: [-1234] [] [2021-04-15 10:50:24,843] []  INFO {org.wso2.carbon.registry.core.jdbc.EmbeddedRegistryService} - Connected to mount at govregistry in 39ms
TID: [-1234] [] [2021-04-15 10:50:24,875] []  INFO {org.wso2.carbon.registry.core.internal.RegistryCoreServiceComponent} - Registry Mode    : READ-WRITE
TID: [-1234] [] [2021-04-15 10:50:25,202] []  INFO {org.wso2.carbon.metrics.impl.util.JmxReporterBuilder} - Creating JMX reporter for Metrics with domain 'org.wso2.carbon.metrics'
TID: [-1234] [] [2021-04-15 10:50:25,219] []  INFO {org.wso2.carbon.metrics.impl.reporter.AbstractReporter} - Started JMX reporter for Metrics
TID: [-1] [] [2021-04-15 10:50:26,504] []  INFO {org.apache.jasper.servlet.TldScanner} - At least one JAR was scanned for TLDs yet contained no TLDs. Enable debug logging for this logger for a complete list of JARs that were scanned but no TLDs were found in them. Skipping unneeded JARs during scanning can improve startup time and JSP compilation time.
TID: [-1234] [] [2021-04-15 10:50:29,622] []  INFO {org.wso2.carbon.registry.indexing.solr.SolrClient} - Default Embedded Solr Server Initialized
TID: [-1234] [] [2021-04-15 10:50:29,957] []  INFO {org.wso2.carbon.identity.authenticator.x509Certificate.internal.X509CertificateServiceComponent} - X509 Certificate Servlet activated successfully..
TID: [-1234] [] [2021-04-15 10:50:30,570] []  INFO {org.wso2.carbon.user.core.internal.UserStoreMgtDSComponent} - Carbon UserStoreMgtDSComponent activated successfully.
TID: [-1] [] [2021-04-15 10:50:30,745] []  INFO {org.wso2.carbon.attachment.mgt.server.internal.AttachmentServiceComponent} - Initialising Attachment Server
TID: [-1] [] [2021-04-15 10:50:31,204] []  INFO {org.wso2.carbon.attachment.mgt.core.dao.impl.jpa.AbstractJPAVendorAdapter} - [Attachment-Mgt OpenJPA] DB Dictionary: h2
TID: [-1] [] [2021-04-15 10:50:31,205] []  INFO {org.wso2.carbon.attachment.mgt.core.dao.impl.jpa.AbstractJPAVendorAdapter} - [Attachment-Mgt OpenJPA] Generate DDL Enabled.
TID: [-1] [] [2021-04-15 10:50:31,453] []  INFO {org.wso2.carbon.attachment.mgt.server.internal.AttachmentServiceComponent} - Registering AttachmentServerService
TID: [-1] [] [2021-04-15 10:50:31,512] []  INFO {org.wso2.carbon.bpel.core.internal.BPELServiceComponent} - Initializing BPEL Engine........
TID: [-1] [] [2021-04-15 10:50:31,607] []  INFO {org.apache.ode.il.EmbeddedGeronimoFactory} - Using embedded Geronimo transaction manager
TID: [-1] [] [2021-04-15 10:50:31,678] []  INFO {org.apache.ode.il.dbutil.Database} - ODE using external DataSource "bpsds".
TID: [-1] [] [2021-04-15 10:50:31,682] []  INFO {org.wso2.carbon.bpel.core.ode.integration.BPELServerImpl} - Using DAO Connection Factory class: org.apache.ode.dao.jpa.BPELDAOConnectionFactoryImpl
TID: [-1] [] [2021-04-15 10:50:31,688] []  INFO {org.apache.ode.il.dbutil.Database} - Using DAO Connection Factory class org.apache.ode.dao.jpa.BPELDAOConnectionFactoryImpl.
TID: [-1] [] [2021-04-15 10:50:32,102] []  INFO {org.apache.ode.store.jpa.DbConfStoreConnectionFactory} - ProcessStore initializing transaction manager using org.apache.ode.il.EmbeddedGeronimoFactory
TID: [-1] [] [2021-04-15 10:50:32,105] []  INFO {org.apache.ode.il.EmbeddedGeronimoFactory} - Using embedded Geronimo transaction manager
TID: [-1] [] [2021-04-15 10:50:32,195] []  INFO {org.apache.ode.scheduler.simple.JdbcDelegate} - Using database H2 major version 1
TID: [-1] [] [2021-04-15 10:50:32,197] []  INFO {org.apache.ode.scheduler.simple.JdbcDelegate} - Using database dialect: H2
TID: [-1] [] [2021-04-15 10:50:32,260] []  INFO {org.wso2.carbon.bpel.core.ode.integration.BPELServerImpl} - This node is a manager node
TID: [-1] [] [2021-04-15 10:50:32,304] []  INFO {org.wso2.carbon.bpel.core.ode.integration.BPELServerImpl} - Registering E4X Extension...
TID: [-1] [] [2021-04-15 10:50:32,393] []  INFO {org.wso2.carbon.bpel.core.ode.integration.BPELServerImpl} - Registering B4P Extension...
TID: [-1] [] [2021-04-15 10:50:32,558] []  INFO {org.wso2.carbon.bpel.core.ode.integration.BPELServerImpl} - Registering B4P Filter...
TID: [-1] [] [2021-04-15 10:50:32,569] []  INFO {org.apache.ode.bpel.engine.BpelServerImpl} - BPEL Server Started.
TID: [-1] [] [2021-04-15 10:50:32,581] []  INFO {org.wso2.carbon.bpel.core.ode.integration.BPELServerImpl} - Registering MBeans
TID: [-1] [] [2021-04-15 10:50:32,928] []  INFO {org.wso2.carbon.humantask.core.internal.HumanTaskServiceComponent} - Initialising HumanTask Server
TID: [-1] [] [2021-04-15 10:50:33,019] []  INFO {org.apache.ode.il.EmbeddedGeronimoFactory} - Using embedded Geronimo transaction manager
TID: [-1] [] [2021-04-15 10:50:33,037] []  INFO {org.wso2.carbon.humantask.core.dao.jpa.AbstractJPAVendorAdapter} - [HT OpenJPA] DB Dictionary: h2
TID: [-1] [] [2021-04-15 10:50:33,038] []  INFO {org.wso2.carbon.humantask.core.dao.jpa.AbstractJPAVendorAdapter} - [HT OpenJPA] Generate DDL Enabled.
TID: [-1] [] [2021-04-15 10:50:33,135] []  INFO {org.wso2.carbon.humantask.core.internal.HumanTaskServiceComponent} - Registering Axis2ConfigurationContextObserver
TID: [-1] [] [2021-04-15 10:50:33,191] []  INFO {org.wso2.carbon.humantask.core.internal.HumanTaskServiceComponent} - Registering HT related MBeans
TID: [-1] [] [2021-04-15 10:50:33,197] []  INFO {org.wso2.carbon.humantask.core.internal.HumanTaskServiceComponent} - MXBean for Human tasks registered successfully
TID: [-1234] [] [2021-04-15 10:50:34,189] []  INFO {org.wso2.carbon.identity.user.store.configuration.deployer.UserStoreConfigurationDeployer} - User Store Configuration Deployer initiated.
TID: [-1234] [] [2021-04-15 10:50:34,201] []  INFO {org.wso2.carbon.identity.user.store.configuration.deployer.UserStoreConfigurationDeployer} - User Store Configuration Deployer initiated.
TID: [-1234] [] [2021-04-15 10:50:34,213] []  INFO {org.wso2.carbon.bpel.deployer.BPELDeployer} - Initializing BPEL Deployer for tenant -1234.
TID: [-1234] [] [2021-04-15 10:50:34,260] []  INFO {org.wso2.carbon.humantask.deployer.HumanTaskDeployer} - Initializing HumanTask Deployer for tenant -1234.
TID: [-1234] [] [2021-04-15 10:50:34,366] []  INFO {org.apache.axis2.transport.mail.MailTransportSender} - MAILTO Sender started
TID: [-1234] [I18nEmailMgtConfigService] [2021-04-15 10:50:36,473] []  INFO {org.wso2.carbon.core.deployment.DeploymentInterceptor} - Deploying Axis2 service: I18nEmailMgtConfigService {super-tenant}
TID: [-1234] [AccountCredentialMgtConfigService] [2021-04-15 10:50:39,646] []  INFO {org.wso2.carbon.core.deployment.DeploymentInterceptor} - Deploying Axis2 service: AccountCredentialMgtConfigService {super-tenant}
TID: [-1234] [UserIdentityManagementAdminService] [2021-04-15 10:50:39,654] []  INFO {org.wso2.carbon.core.deployment.DeploymentInterceptor} - Deploying Axis2 service: UserIdentityManagementAdminService {super-tenant}
TID: [-1234] [UserInformationRecoveryService] [2021-04-15 10:50:39,661] []  INFO {org.wso2.carbon.core.deployment.DeploymentInterceptor} - Deploying Axis2 service: UserInformationRecoveryService {super-tenant}
TID: [-1234] [SAMLQueryService] [2021-04-15 10:50:40,026] []  INFO {org.wso2.carbon.core.deployment.DeploymentInterceptor} - Deploying Axis2 service: SAMLQueryService {super-tenant}
TID: [-1234] [mex-ut] [2021-04-15 10:50:41,239] []  INFO {org.wso2.carbon.core.deployment.DeploymentInterceptor} - Deploying Axis2 service: mex-ut {super-tenant}
TID: [-1234] [mex-ut2] [2021-04-15 10:50:41,253] []  INFO {org.wso2.carbon.core.deployment.DeploymentInterceptor} - Deploying Axis2 service: mex-ut2 {super-tenant}
TID: [-1234] [] [2021-04-15 10:50:43,579] []  INFO {org.wso2.carbon.core.init.CarbonServerManager} - Repository       : /home/wso2carbon/wso2is-5.11.0/repository/deployment/server/
TID: [-1234] [] [2021-04-15 10:50:43,695] []  INFO {org.wso2.carbon.core.multitenancy.eager.TenantLoadingConfig} - Using tenant lazy loading policy...
TID: [-1234] [] [2021-04-15 10:50:43,825] []  INFO {org.wso2.carbon.core.internal.permission.update.PermissionUpdater} - Permission cache updated for tenant -1234
TID: [-1234] [] [2021-04-15 10:50:45,839] []  INFO {org.wso2.carbon.user.core.internal.UserStoreMgtDSComponent} - Claim manager set for class org.wso2.carbon.user.core.common.DefaultRealm
TID: [-1234] [] [2021-04-15 10:50:45,855] []  INFO {org.wso2.carbon.user.core.internal.UserStoreMgtDSComponent} - Claim manager set for class org.wso2.carbon.user.core.ldap.UniqueIDReadWriteLDAPUserStoreManager
TID: [-1234] [] [2021-04-15 10:50:46,223] []  INFO {org.wso2.balana.ConfigurationStore} - Loading runtime configuration
TID: [-1] [] [2021-04-15 10:50:46,246] []  INFO {org.wso2.carbon.identity.entitlement.internal.SchemaBuilder} - XACML policy schema loaded successfully.
TID: [-1234] [] [2021-04-15 10:50:46,919] []  INFO {org.wso2.carbon.identity.oauth.uma.xacml.service.internal.AppUMAServiceComponents} - XACML UMA Handler activated successfully.
TID: [-1234] [] [2021-04-15 10:50:47,421] []  INFO {org.wso2.carbon.identity.oauth.config.OAuthServerConfiguration} - The default OAuth token issuer will be used. No custom token generator is set.
TID: [-1234] [] [2021-04-15 10:50:49,798] []  INFO {org.wso2.carbon.identity.local.auth.api.core.internal.AuthAPIServiceComponent} - Auth API Service Component  is activated.
TID: [-1234] [] [2021-04-15 10:50:51,240] []  INFO {org.wso2.carbon.identity.application.authentication.framework.store.SessionDataStore} - Thread pool size for temporary authentication context data delete task: 20
TID: [-1234] [] [2021-04-15 10:50:53,263] []  INFO {org.wso2.carbon.event.publisher.core.EventPublisherDeployer} - Event Publisher deployment held back and in inactive state :EmailPublisher.xml, Stream validation exception : Stream id_gov_notify_stream:1.0.0 does not exist
TID: [-1234] [] [2021-04-15 10:50:53,268] []  INFO {org.wso2.carbon.event.publisher.core.EventPublisherDeployer} - Event Publisher deployment held back and in inactive state :IsAnalytics-Publisher-wso2event-AuthenticationData-1.1.0.xml, Stream validation exception : Stream org.wso2.is.analytics.stream.OverallAuthentication:1.1.0 does not exist
TID: [-1234] [] [2021-04-15 10:50:53,272] []  INFO {org.wso2.carbon.event.publisher.core.EventPublisherDeployer} - Event Publisher deployment held back and in inactive state :IsAnalytics-Publisher-wso2event-AuthenticationData.xml, Stream validation exception : Stream org.wso2.is.analytics.stream.OverallAuthentication:1.0.0 does not exist
TID: [-1234] [] [2021-04-15 10:50:53,275] []  INFO {org.wso2.carbon.event.publisher.core.EventPublisherDeployer} - Event Publisher deployment held back and in inactive state :IsAnalytics-Publisher-wso2event-OauthTokenIssueRefresh.xml, Stream validation exception : Stream org.wso2.is.analytics.stream.OauthTokenIssuance:1.0.0 does not exist
TID: [-1234] [] [2021-04-15 10:50:53,278] []  INFO {org.wso2.carbon.event.publisher.core.EventPublisherDeployer} - Event Publisher deployment held back and in inactive state :IsAnalytics-Publisher-wso2event-OauthTokenRevocation.xml, Stream validation exception : Stream org.wso2.is.analytics.stream.OauthTokenRevocation:1.0.0 does not exist
TID: [-1234] [] [2021-04-15 10:50:53,286] []  INFO {org.wso2.carbon.event.publisher.core.EventPublisherDeployer} - Event Publisher deployment held back and in inactive state :IsAnalytics-Publisher-wso2event-OauthTokenValidation.xml, Stream validation exception : Stream org.wso2.is.analytics.stream.OauthTokenValidation:1.0.0 does not exist
TID: [-1234] [] [2021-04-15 10:50:53,294] []  INFO {org.wso2.carbon.event.publisher.core.EventPublisherDeployer} - Event Publisher deployment held back and in inactive state :IsAnalytics-Publisher-wso2event-RoleData.xml, Stream validation exception : Stream org.wso2.is.analytics.stream.OverallRoleData:1.0.0 does not exist
TID: [-1234] [] [2021-04-15 10:50:53,304] []  INFO {org.wso2.carbon.event.publisher.core.EventPublisherDeployer} - Event Publisher deployment held back and in inactive state :IsAnalytics-Publisher-wso2event-SessionData.xml, Stream validation exception : Stream org.wso2.is.analytics.stream.OverallSession:1.0.0 does not exist
TID: [-1234] [] [2021-04-15 10:50:53,310] []  INFO {org.wso2.carbon.event.publisher.core.EventPublisherDeployer} - Event Publisher deployment held back and in inactive state :IsAnalytics-Publisher-wso2event-UserData.xml, Stream validation exception : Stream org.wso2.is.analytics.stream.OverallUserData:1.0.0 does not exist
TID: [-1234] [] [2021-04-15 10:50:53,354] []  INFO {org.wso2.carbon.event.publisher.core.EventPublisherDeployer} - Event Publisher undeployed successfully : EmailPublisher.xml
TID: [-1234] [] [2021-04-15 10:50:53,370] []  INFO {org.wso2.carbon.event.stream.core.internal.EventJunction} - WSO2EventConsumer added to the junction. Stream:id_gov_notify_stream:1.0.0
TID: [-1234] [] [2021-04-15 10:50:53,379] []  INFO {org.wso2.carbon.event.publisher.core.EventPublisherDeployer} - Event Publisher configuration successfully deployed and in active state : EmailPublisher
TID: [-1234] [] [2021-04-15 10:50:53,388] []  INFO {org.wso2.carbon.event.stream.core.EventStreamDeployer} - Stream definition is deployed successfully  : id_gov_notify_stream:1.0.0
TID: [-1234] [] [2021-04-15 10:50:53,392] []  INFO {org.wso2.carbon.event.stream.core.EventStreamDeployer} - Stream definition is deployed successfully  : id_gov_sms_notify_stream:1.0.0
TID: [-1234] [] [2021-04-15 10:50:53,414] []  INFO {org.wso2.carbon.event.publisher.core.EventPublisherDeployer} - Event Publisher undeployed successfully : IsAnalytics-Publisher-wso2event-OauthTokenIssueRefresh.xml
TID: [-1234] [] [2021-04-15 10:50:53,423] []  INFO {org.wso2.carbon.event.stream.core.internal.EventJunction} - WSO2EventConsumer added to the junction. Stream:org.wso2.is.analytics.stream.OauthTokenIssuance:1.0.0
TID: [-1234] [] [2021-04-15 10:50:53,429] []  INFO {org.wso2.carbon.event.publisher.core.EventPublisherDeployer} - Event Publisher configuration successfully deployed and in active state : IsAnalytics-Publisher-wso2event-OauthTokenIssueRefresh
TID: [-1234] [] [2021-04-15 10:50:53,434] []  INFO {org.wso2.carbon.event.stream.core.EventStreamDeployer} - Stream definition is deployed successfully  : org.wso2.is.analytics.stream.OauthTokenIssuance:1.0.0
TID: [-1234] [] [2021-04-15 10:50:53,460] []  INFO {org.wso2.carbon.event.publisher.core.EventPublisherDeployer} - Event Publisher undeployed successfully : IsAnalytics-Publisher-wso2event-OauthTokenRevocation.xml
TID: [-1234] [] [2021-04-15 10:50:53,477] []  INFO {org.wso2.carbon.event.stream.core.internal.EventJunction} - WSO2EventConsumer added to the junction. Stream:org.wso2.is.analytics.stream.OauthTokenRevocation:1.0.0
TID: [-1234] [] [2021-04-15 10:50:53,478] []  INFO {org.wso2.carbon.event.publisher.core.EventPublisherDeployer} - Event Publisher configuration successfully deployed and in active state : IsAnalytics-Publisher-wso2event-OauthTokenRevocation
TID: [-1234] [] [2021-04-15 10:50:53,481] []  INFO {org.wso2.carbon.event.stream.core.EventStreamDeployer} - Stream definition is deployed successfully  : org.wso2.is.analytics.stream.OauthTokenRevocation:1.0.0
TID: [-1234] [] [2021-04-15 10:50:53,489] []  INFO {org.wso2.carbon.event.publisher.core.EventPublisherDeployer} - Event Publisher undeployed successfully : IsAnalytics-Publisher-wso2event-OauthTokenValidation.xml
TID: [-1234] [] [2021-04-15 10:50:53,496] []  INFO {org.wso2.carbon.event.stream.core.internal.EventJunction} - WSO2EventConsumer added to the junction. Stream:org.wso2.is.analytics.stream.OauthTokenValidation:1.0.0
TID: [-1234] [] [2021-04-15 10:50:53,509] []  INFO {org.wso2.carbon.event.publisher.core.EventPublisherDeployer} - Event Publisher configuration successfully deployed and in active state : IsAnalytics-Publisher-wso2event-OauthTokenValidation
TID: [-1234] [] [2021-04-15 10:50:53,572] []  INFO {org.wso2.carbon.event.stream.core.EventStreamDeployer} - Stream definition is deployed successfully  : org.wso2.is.analytics.stream.OauthTokenValidation:1.0.0
TID: [-1234] [] [2021-04-15 10:50:53,577] []  INFO {org.wso2.carbon.event.publisher.core.EventPublisherDeployer} - Event Publisher undeployed successfully : IsAnalytics-Publisher-wso2event-AuthenticationData.xml
TID: [-1234] [] [2021-04-15 10:50:53,581] []  INFO {org.wso2.carbon.event.stream.core.internal.EventJunction} - WSO2EventConsumer added to the junction. Stream:org.wso2.is.analytics.stream.OverallAuthentication:1.0.0
TID: [-1234] [] [2021-04-15 10:50:53,583] []  INFO {org.wso2.carbon.event.publisher.core.EventPublisherDeployer} - Event Publisher configuration successfully deployed and in active state : IsAnalytics-Publisher-wso2event-AuthenticationData
TID: [-1234] [] [2021-04-15 10:50:53,589] []  INFO {org.wso2.carbon.event.stream.core.EventStreamDeployer} - Stream definition is deployed successfully  : org.wso2.is.analytics.stream.OverallAuthentication:1.0.0
TID: [-1234] [] [2021-04-15 10:50:53,591] []  INFO {org.wso2.carbon.event.publisher.core.EventPublisherDeployer} - Event Publisher undeployed successfully : IsAnalytics-Publisher-wso2event-AuthenticationData-1.1.0.xml
TID: [-1234] [] [2021-04-15 10:50:53,606] []  INFO {org.wso2.carbon.event.stream.core.internal.EventJunction} - WSO2EventConsumer added to the junction. Stream:org.wso2.is.analytics.stream.OverallAuthentication:1.1.0
TID: [-1234] [] [2021-04-15 10:50:53,607] []  INFO {org.wso2.carbon.event.publisher.core.EventPublisherDeployer} - Event Publisher configuration successfully deployed and in active state : IsAnalytics-Publisher-wso2event-AuthenticationData-1.1.0
TID: [-1234] [] [2021-04-15 10:50:53,622] []  INFO {org.wso2.carbon.event.stream.core.EventStreamDeployer} - Stream definition is deployed successfully  : org.wso2.is.analytics.stream.OverallAuthentication:1.1.0
TID: [-1234] [] [2021-04-15 10:50:53,642] []  INFO {org.wso2.carbon.event.publisher.core.EventPublisherDeployer} - Event Publisher undeployed successfully : IsAnalytics-Publisher-wso2event-RoleData.xml
TID: [-1234] [] [2021-04-15 10:50:53,646] []  INFO {org.wso2.carbon.event.stream.core.internal.EventJunction} - WSO2EventConsumer added to the junction. Stream:org.wso2.is.analytics.stream.OverallRoleData:1.0.0
TID: [-1234] [] [2021-04-15 10:50:53,648] []  INFO {org.wso2.carbon.event.publisher.core.EventPublisherDeployer} - Event Publisher configuration successfully deployed and in active state : IsAnalytics-Publisher-wso2event-RoleData
TID: [-1234] [] [2021-04-15 10:50:53,650] []  INFO {org.wso2.carbon.event.stream.core.EventStreamDeployer} - Stream definition is deployed successfully  : org.wso2.is.analytics.stream.OverallRoleData:1.0.0
TID: [-1234] [] [2021-04-15 10:50:53,657] []  INFO {org.wso2.carbon.event.publisher.core.EventPublisherDeployer} - Event Publisher undeployed successfully : IsAnalytics-Publisher-wso2event-SessionData.xml
TID: [-1234] [] [2021-04-15 10:50:53,660] []  INFO {org.wso2.carbon.event.stream.core.internal.EventJunction} - WSO2EventConsumer added to the junction. Stream:org.wso2.is.analytics.stream.OverallSession:1.0.0
TID: [-1234] [] [2021-04-15 10:50:53,662] []  INFO {org.wso2.carbon.event.publisher.core.EventPublisherDeployer} - Event Publisher configuration successfully deployed and in active state : IsAnalytics-Publisher-wso2event-SessionData
TID: [-1234] [] [2021-04-15 10:50:53,668] []  INFO {org.wso2.carbon.event.stream.core.EventStreamDeployer} - Stream definition is deployed successfully  : org.wso2.is.analytics.stream.OverallSession:1.0.0
TID: [-1234] [] [2021-04-15 10:50:53,685] []  INFO {org.wso2.carbon.event.stream.core.EventStreamDeployer} - Stream definition is deployed successfully  : org.wso2.is.analytics.stream.OverallSession:1.0.1
TID: [-1234] [] [2021-04-15 10:50:53,689] []  INFO {org.wso2.carbon.event.publisher.core.EventPublisherDeployer} - Event Publisher undeployed successfully : IsAnalytics-Publisher-wso2event-UserData.xml
TID: [-1234] [] [2021-04-15 10:50:53,693] []  INFO {org.wso2.carbon.event.stream.core.internal.EventJunction} - WSO2EventConsumer added to the junction. Stream:org.wso2.is.analytics.stream.OverallUserData:1.0.0
TID: [-1234] [] [2021-04-15 10:50:53,695] []  INFO {org.wso2.carbon.event.publisher.core.EventPublisherDeployer} - Event Publisher configuration successfully deployed and in active state : IsAnalytics-Publisher-wso2event-UserData
TID: [-1234] [] [2021-04-15 10:50:53,696] []  INFO {org.wso2.carbon.event.stream.core.EventStreamDeployer} - Stream definition is deployed successfully  : org.wso2.is.analytics.stream.OverallUserData:1.0.0
TID: [-1234] [STRATOS_ROOT] [2021-04-15 10:50:54,768] []  INFO {org.apache.jasper.servlet.TldScanner} - At least one JAR was scanned for TLDs yet contained no TLDs. Enable debug logging for this logger for a complete list of JARs that were scanned but no TLDs were found in them. Skipping unneeded JARs during scanning can improve startup time and JSP compilation time.
TID: [-1234] [STRATOS_ROOT] [2021-04-15 10:50:54,814] []  INFO {org.wso2.carbon.webapp.mgt.TomcatGenericWebappsDeployer} - Deployed webapp: StandardEngine[Catalina].StandardHost[localhost].StandardContext[/STRATOS_ROOT].File[/home/wso2carbon/wso2is-5.11.0/repository/deployment/server/webapps/STRATOS_ROOT]
TID: [-1234] [accountrecoveryendpoint] [2021-04-15 10:50:55,591] []  INFO {org.apache.jasper.servlet.TldScanner} - At least one JAR was scanned for TLDs yet contained no TLDs. Enable debug logging for this logger for a complete list of JARs that were scanned but no TLDs were found in them. Skipping unneeded JARs during scanning can improve startup time and JSP compilation time.
TID: [-1234] [accountrecoveryendpoint] [2021-04-15 10:51:00,892] []  INFO {org.wso2.carbon.webapp.mgt.TomcatGenericWebappsDeployer} - Deployed webapp: StandardEngine[Catalina].StandardHost[localhost].StandardContext[/accountrecoveryendpoint].File[/home/wso2carbon/wso2is-5.11.0/repository/deployment/server/webapps/accountrecoveryendpoint]
TID: [-1234] [api] [2021-04-15 10:51:01,903] []  INFO {org.apache.jasper.servlet.TldScanner} - At least one JAR was scanned for TLDs yet contained no TLDs. Enable debug logging for this logger for a complete list of JARs that were scanned but no TLDs were found in them. Skipping unneeded JARs during scanning can improve startup time and JSP compilation time.
TID: [-1234] [api] [2021-04-15 10:51:08,229] []  INFO {org.hibernate.validator.internal.util.Version} - HV000001: Hibernate Validator 6.0.17.Final
TID: [-1234] [api] [2021-04-15 10:51:11,636] []  INFO {org.wso2.carbon.webapp.mgt.TomcatGenericWebappsDeployer} - Deployed webapp: StandardEngine[Catalina].StandardHost[localhost].StandardContext[/api].File[/home/wso2carbon/wso2is-5.11.0/repository/deployment/server/webapps/api]
TID: [-1234] [api#health-check#v1.0] [2021-04-15 10:51:12,279] []  INFO {org.apache.jasper.servlet.TldScanner} - At least one JAR was scanned for TLDs yet contained no TLDs. Enable debug logging for this logger for a complete list of JARs that were scanned but no TLDs were found in them. Skipping unneeded JARs during scanning can improve startup time and JSP compilation time.
TID: [-1234] [api#health-check#v1.0] [2021-04-15 10:51:14,246] []  INFO {org.wso2.carbon.webapp.mgt.TomcatGenericWebappsDeployer} - Deployed webapp: StandardEngine[Catalina].StandardHost[localhost].StandardContext[/api/health-check/v1.0].File[/home/wso2carbon/wso2is-5.11.0/repository/deployment/server/webapps/api#health-check#v1.0]
TID: [-1234] [api#identity#auth#v1.1] [2021-04-15 10:51:14,701] []  INFO {org.apache.jasper.servlet.TldScanner} - At least one JAR was scanned for TLDs yet contained no TLDs. Enable debug logging for this logger for a complete list of JARs that were scanned but no TLDs were found in them. Skipping unneeded JARs during scanning can improve startup time and JSP compilation time.
TID: [-1234] [api#identity#auth#v1.1] [2021-04-15 10:51:16,006] []  INFO {org.wso2.carbon.webapp.mgt.TomcatGenericWebappsDeployer} - Deployed webapp: StandardEngine[Catalina].StandardHost[localhost].StandardContext[/api/identity/auth/v1.1].File[/home/wso2carbon/wso2is-5.11.0/repository/deployment/server/webapps/api#identity#auth#v1.1]
TID: [-1234] [api#identity#config-mgt#v1.0] [2021-04-15 10:51:16,308] []  INFO {org.apache.jasper.servlet.TldScanner} - At least one JAR was scanned for TLDs yet contained no TLDs. Enable debug logging for this logger for a complete list of JARs that were scanned but no TLDs were found in them. Skipping unneeded JARs during scanning can improve startup time and JSP compilation time.
TID: [-1234] [api#identity#config-mgt#v1.0] [2021-04-15 10:51:17,343] []  INFO {org.wso2.carbon.webapp.mgt.TomcatGenericWebappsDeployer} - Deployed webapp: StandardEngine[Catalina].StandardHost[localhost].StandardContext[/api/identity/config-mgt/v1.0].File[/home/wso2carbon/wso2is-5.11.0/repository/deployment/server/webapps/api#identity#config-mgt#v1.0]
TID: [-1234] [api#identity#consent-mgt#v1.0] [2021-04-15 10:51:17,604] []  INFO {org.apache.jasper.servlet.TldScanner} - At least one JAR was scanned for TLDs yet contained no TLDs. Enable debug logging for this logger for a complete list of JARs that were scanned but no TLDs were found in them. Skipping unneeded JARs during scanning can improve startup time and JSP compilation time.
TID: [-1234] [api#identity#consent-mgt#v1.0] [2021-04-15 10:51:18,646] []  INFO {org.wso2.carbon.webapp.mgt.TomcatGenericWebappsDeployer} - Deployed webapp: StandardEngine[Catalina].StandardHost[localhost].StandardContext[/api/identity/consent-mgt/v1.0].File[/home/wso2carbon/wso2is-5.11.0/repository/deployment/server/webapps/api#identity#consent-mgt#v1.0]
TID: [-1234] [api#identity#entitlement] [2021-04-15 10:51:18,940] []  INFO {org.apache.jasper.servlet.TldScanner} - At least one JAR was scanned for TLDs yet contained no TLDs. Enable debug logging for this logger for a complete list of JARs that were scanned but no TLDs were found in them. Skipping unneeded JARs during scanning can improve startup time and JSP compilation time.
TID: [-1234] [api#identity#entitlement] [2021-04-15 10:51:19,978] []  INFO {org.reflections.Reflections} - Reflections took 62 ms to scan 1 urls, producing 50 keys and 77 values 
TID: [-1234] [api#identity#entitlement] [2021-04-15 10:51:20,642] []  INFO {org.wso2.carbon.webapp.mgt.TomcatGenericWebappsDeployer} - Deployed webapp: StandardEngine[Catalina].StandardHost[localhost].StandardContext[/api/identity/entitlement].File[/home/wso2carbon/wso2is-5.11.0/repository/deployment/server/webapps/api#identity#entitlement]
TID: [-1234] [api#identity#oauth2#dcr#v1.1] [2021-04-15 10:51:20,958] []  INFO {org.apache.jasper.servlet.TldScanner} - At least one JAR was scanned for TLDs yet contained no TLDs. Enable debug logging for this logger for a complete list of JARs that were scanned but no TLDs were found in them. Skipping unneeded JARs during scanning can improve startup time and JSP compilation time.
TID: [-1234] [api#identity#oauth2#dcr#v1.1] [2021-04-15 10:51:21,961] []  INFO {org.wso2.carbon.webapp.mgt.TomcatGenericWebappsDeployer} - Deployed webapp: StandardEngine[Catalina].StandardHost[localhost].StandardContext[/api/identity/oauth2/dcr/v1.1].File[/home/wso2carbon/wso2is-5.11.0/repository/deployment/server/webapps/api#identity#oauth2#dcr#v1.1]
TID: [-1234] [api#identity#oauth2#uma#permission#v1.0] [2021-04-15 10:51:22,210] []  INFO {org.apache.jasper.servlet.TldScanner} - At least one JAR was scanned for TLDs yet contained no TLDs. Enable debug logging for this logger for a complete list of JARs that were scanned but no TLDs were found in them. Skipping unneeded JARs during scanning can improve startup time and JSP compilation time.
TID: [-1234] [api#identity#oauth2#uma#permission#v1.0] [2021-04-15 10:51:23,087] []  INFO {org.wso2.carbon.webapp.mgt.TomcatGenericWebappsDeployer} - Deployed webapp: StandardEngine[Catalina].StandardHost[localhost].StandardContext[/api/identity/oauth2/uma/permission/v1.0].File[/home/wso2carbon/wso2is-5.11.0/repository/deployment/server/webapps/api#identity#oauth2#uma#permission#v1.0]
TID: [-1234] [api#identity#oauth2#uma#resourceregistration#v1.0] [2021-04-15 10:51:23,359] []  INFO {org.apache.jasper.servlet.TldScanner} - At least one JAR was scanned for TLDs yet contained no TLDs. Enable debug logging for this logger for a complete list of JARs that were scanned but no TLDs were found in them. Skipping unneeded JARs during scanning can improve startup time and JSP compilation time.
TID: [-1234] [api#identity#oauth2#uma#resourceregistration#v1.0] [2021-04-15 10:51:24,234] []  INFO {org.wso2.carbon.webapp.mgt.TomcatGenericWebappsDeployer} - Deployed webapp: StandardEngine[Catalina].StandardHost[localhost].StandardContext[/api/identity/oauth2/uma/resourceregistration/v1.0].File[/home/wso2carbon/wso2is-5.11.0/repository/deployment/server/webapps/api#identity#oauth2#uma#resourceregistration#v1.0]
TID: [-1234] [api#identity#oauth2#v1.0] [2021-04-15 10:51:24,564] []  INFO {org.apache.jasper.servlet.TldScanner} - At least one JAR was scanned for TLDs yet contained no TLDs. Enable debug logging for this logger for a complete list of JARs that were scanned but no TLDs were found in them. Skipping unneeded JARs during scanning can improve startup time and JSP compilation time.
TID: [-1234] [api#identity#oauth2#v1.0] [2021-04-15 10:51:25,482] []  INFO {org.wso2.carbon.webapp.mgt.TomcatGenericWebappsDeployer} - Deployed webapp: StandardEngine[Catalina].StandardHost[localhost].StandardContext[/api/identity/oauth2/v1.0].File[/home/wso2carbon/wso2is-5.11.0/repository/deployment/server/webapps/api#identity#oauth2#v1.0]
TID: [-1234] [api#identity#recovery#v0.9] [2021-04-15 10:51:25,750] []  INFO {org.apache.jasper.servlet.TldScanner} - At least one JAR was scanned for TLDs yet contained no TLDs. Enable debug logging for this logger for a complete list of JARs that were scanned but no TLDs were found in them. Skipping unneeded JARs during scanning can improve startup time and JSP compilation time.
TID: [-1234] [api#identity#recovery#v0.9] [2021-04-15 10:51:27,076] []  INFO {org.wso2.carbon.webapp.mgt.TomcatGenericWebappsDeployer} - Deployed webapp: StandardEngine[Catalina].StandardHost[localhost].StandardContext[/api/identity/recovery/v0.9].File[/home/wso2carbon/wso2is-5.11.0/repository/deployment/server/webapps/api#identity#recovery#v0.9]
TID: [-1234] [api#identity#template#mgt#v1.0.0] [2021-04-15 10:51:27,350] []  INFO {org.apache.jasper.servlet.TldScanner} - At least one JAR was scanned for TLDs yet contained no TLDs. Enable debug logging for this logger for a complete list of JARs that were scanned but no TLDs were found in them. Skipping unneeded JARs during scanning can improve startup time and JSP compilation time.
TID: [-1234] [api#identity#template#mgt#v1.0.0] [2021-04-15 10:51:27,898] []  INFO {org.wso2.carbon.webapp.mgt.TomcatGenericWebappsDeployer} - Deployed webapp: StandardEngine[Catalina].StandardHost[localhost].StandardContext[/api/identity/template/mgt/v1.0.0].File[/home/wso2carbon/wso2is-5.11.0/repository/deployment/server/webapps/api#identity#template#mgt#v1.0.0]
TID: [-1234] [api#identity#user#v1.0] [2021-04-15 10:51:28,147] []  INFO {org.apache.jasper.servlet.TldScanner} - At least one JAR was scanned for TLDs yet contained no TLDs. Enable debug logging for this logger for a complete list of JARs that were scanned but no TLDs were found in them. Skipping unneeded JARs during scanning can improve startup time and JSP compilation time.
TID: [-1234] [api#identity#user#v1.0] [2021-04-15 10:51:29,054] []  INFO {org.wso2.carbon.webapp.mgt.TomcatGenericWebappsDeployer} - Deployed webapp: StandardEngine[Catalina].StandardHost[localhost].StandardContext[/api/identity/user/v1.0].File[/home/wso2carbon/wso2is-5.11.0/repository/deployment/server/webapps/api#identity#user#v1.0]
TID: [-1234] [api#users#v2#me#webauthn] [2021-04-15 10:51:29,355] []  INFO {org.apache.jasper.servlet.TldScanner} - At least one JAR was scanned for TLDs yet contained no TLDs. Enable debug logging for this logger for a complete list of JARs that were scanned but no TLDs were found in them. Skipping unneeded JARs during scanning can improve startup time and JSP compilation time.
TID: [-1234] [api#users#v2#me#webauthn] [2021-04-15 10:51:30,206] []  INFO {org.wso2.carbon.webapp.mgt.TomcatGenericWebappsDeployer} - Deployed webapp: StandardEngine[Catalina].StandardHost[localhost].StandardContext[/api/users/v2/me/webauthn].File[/home/wso2carbon/wso2is-5.11.0/repository/deployment/server/webapps/api#users#v2#me#webauthn]
TID: [-1234] [authenticationendpoint] [2021-04-15 10:51:30,762] []  INFO {org.apache.jasper.servlet.TldScanner} - At least one JAR was scanned for TLDs yet contained no TLDs. Enable debug logging for this logger for a complete list of JARs that were scanned but no TLDs were found in them. Skipping unneeded JARs during scanning can improve startup time and JSP compilation time.
TID: [-1234] [authenticationendpoint] [2021-04-15 10:51:30,779] []  INFO {org.wso2.carbon.identity.application.authentication.endpoint.util.TenantDataManager} - EndpointConfig.properties file loaded from ./repository/conf/identity/EndpointConfig.properties
TID: [-1234] [authenticationendpoint] [2021-04-15 10:51:30,785] []  INFO {org.wso2.carbon.identity.application.authentication.endpoint.util.MutualSSLManager} - EndpointConfig.properties file loaded from ./repository/conf/identity/EndpointConfig.properties
TID: [-1234] [authenticationendpoint] [2021-04-15 10:51:30,823] []  INFO {org.wso2.carbon.identity.application.authentication.endpoint.util.EndpointConfigManager} - EndpointConfig.properties file loaded from ./repository/conf/identity/EndpointConfig.properties
TID: [-1234] [authenticationendpoint] [2021-04-15 10:51:33,508] []  INFO {org.wso2.carbon.webapp.mgt.TomcatGenericWebappsDeployer} - Deployed webapp: StandardEngine[Catalina].StandardHost[localhost].StandardContext[/authenticationendpoint].File[/home/wso2carbon/wso2is-5.11.0/repository/deployment/server/webapps/authenticationendpoint]
TID: [-1234] [console] [2021-04-15 10:51:33,764] []  INFO {org.apache.jasper.servlet.TldScanner} - At least one JAR was scanned for TLDs yet contained no TLDs. Enable debug logging for this logger for a complete list of JARs that were scanned but no TLDs were found in them. Skipping unneeded JARs during scanning can improve startup time and JSP compilation time.
TID: [-1234] [console] [2021-04-15 10:51:33,848] []  INFO {org.wso2.carbon.webapp.mgt.TomcatGenericWebappsDeployer} - Deployed webapp: StandardEngine[Catalina].StandardHost[localhost].StandardContext[/console].File[/home/wso2carbon/wso2is-5.11.0/repository/deployment/server/webapps/console]
TID: [-1234] [emailotpauthenticationendpoint] [2021-04-15 10:51:34,162] []  INFO {org.apache.jasper.servlet.TldScanner} - At least one JAR was scanned for TLDs yet contained no TLDs. Enable debug logging for this logger for a complete list of JARs that were scanned but no TLDs were found in them. Skipping unneeded JARs during scanning can improve startup time and JSP compilation time.
TID: [-1234] [emailotpauthenticationendpoint] [2021-04-15 10:51:34,167] []  INFO {org.wso2.carbon.webapp.mgt.TomcatGenericWebappsDeployer} - Deployed webapp: StandardEngine[Catalina].StandardHost[localhost].StandardContext[/emailotpauthenticationendpoint].File[/home/wso2carbon/wso2is-5.11.0/repository/deployment/server/webapps/emailotpauthenticationendpoint]
TID: [-1234] [lsp] [2021-04-15 10:51:34,677] []  INFO {org.apache.jasper.servlet.TldScanner} - At least one JAR was scanned for TLDs yet contained no TLDs. Enable debug logging for this logger for a complete list of JARs that were scanned but no TLDs were found in them. Skipping unneeded JARs during scanning can improve startup time and JSP compilation time.
TID: [-1234] [lsp] [2021-04-15 10:51:34,762] []  INFO {org.wso2.carbon.webapp.mgt.TomcatGenericWebappsDeployer} - Deployed webapp: StandardEngine[Catalina].StandardHost[localhost].StandardContext[/lsp].File[/home/wso2carbon/wso2is-5.11.0/repository/deployment/server/webapps/lsp]
TID: [-1234] [mex] [2021-04-15 10:51:35,014] []  INFO {org.apache.jasper.servlet.TldScanner} - At least one JAR was scanned for TLDs yet contained no TLDs. Enable debug logging for this logger for a complete list of JARs that were scanned but no TLDs were found in them. Skipping unneeded JARs during scanning can improve startup time and JSP compilation time.
TID: [-1234] [mex] [2021-04-15 10:51:35,023] []  INFO {org.wso2.carbon.webapp.mgt.TomcatGenericWebappsDeployer} - Deployed webapp: StandardEngine[Catalina].StandardHost[localhost].StandardContext[/mex].File[/home/wso2carbon/wso2is-5.11.0/repository/deployment/server/webapps/mex]
TID: [-1234] [mexut] [2021-04-15 10:51:35,275] []  INFO {org.apache.jasper.servlet.TldScanner} - At least one JAR was scanned for TLDs yet contained no TLDs. Enable debug logging for this logger for a complete list of JARs that were scanned but no TLDs were found in them. Skipping unneeded JARs during scanning can improve startup time and JSP compilation time.
TID: [-1234] [mexut] [2021-04-15 10:51:35,976] []  INFO {org.wso2.carbon.webapp.mgt.TomcatGenericWebappsDeployer} - Deployed webapp: StandardEngine[Catalina].StandardHost[localhost].StandardContext[/mexut].File[/home/wso2carbon/wso2is-5.11.0/repository/deployment/server/webapps/mexut]
TID: [-1234] [myaccount] [2021-04-15 10:51:36,201] []  INFO {org.apache.jasper.servlet.TldScanner} - At least one JAR was scanned for TLDs yet contained no TLDs. Enable debug logging for this logger for a complete list of JARs that were scanned but no TLDs were found in them. Skipping unneeded JARs during scanning can improve startup time and JSP compilation time.
TID: [-1234] [myaccount] [2021-04-15 10:51:36,262] []  INFO {org.wso2.carbon.webapp.mgt.TomcatGenericWebappsDeployer} - Deployed webapp: StandardEngine[Catalina].StandardHost[localhost].StandardContext[/myaccount].File[/home/wso2carbon/wso2is-5.11.0/repository/deployment/server/webapps/myaccount]
TID: [-1234] [oauth2] [2021-04-15 10:51:36,560] []  INFO {org.apache.jasper.servlet.TldScanner} - At least one JAR was scanned for TLDs yet contained no TLDs. Enable debug logging for this logger for a complete list of JARs that were scanned but no TLDs were found in them. Skipping unneeded JARs during scanning can improve startup time and JSP compilation time.
TID: [-1234] [oauth2] [2021-04-15 10:51:37,845] []  INFO {org.wso2.carbon.webapp.mgt.TomcatGenericWebappsDeployer} - Deployed webapp: StandardEngine[Catalina].StandardHost[localhost].StandardContext[/oauth2].File[/home/wso2carbon/wso2is-5.11.0/repository/deployment/server/webapps/oauth2]
TID: [-1234] [scim2] [2021-04-15 10:51:38,113] []  INFO {org.apache.jasper.servlet.TldScanner} - At least one JAR was scanned for TLDs yet contained no TLDs. Enable debug logging for this logger for a complete list of JARs that were scanned but no TLDs were found in them. Skipping unneeded JARs during scanning can improve startup time and JSP compilation time.
TID: [-1234] [scim2] [2021-04-15 10:51:38,970] []  INFO {org.wso2.carbon.webapp.mgt.TomcatGenericWebappsDeployer} - Deployed webapp: StandardEngine[Catalina].StandardHost[localhost].StandardContext[/scim2].File[/home/wso2carbon/wso2is-5.11.0/repository/deployment/server/webapps/scim2]
TID: [-1234] [smsotpauthenticationendpoint] [2021-04-15 10:51:39,218] []  INFO {org.apache.jasper.servlet.TldScanner} - At least one JAR was scanned for TLDs yet contained no TLDs. Enable debug logging for this logger for a complete list of JARs that were scanned but no TLDs were found in them. Skipping unneeded JARs during scanning can improve startup time and JSP compilation time.
TID: [-1234] [smsotpauthenticationendpoint] [2021-04-15 10:51:39,221] []  INFO {org.wso2.carbon.webapp.mgt.TomcatGenericWebappsDeployer} - Deployed webapp: StandardEngine[Catalina].StandardHost[localhost].StandardContext[/smsotpauthenticationendpoint].File[/home/wso2carbon/wso2is-5.11.0/repository/deployment/server/webapps/smsotpauthenticationendpoint]
TID: [-1234] [totpauthenticationendpoint] [2021-04-15 10:51:39,510] []  INFO {org.apache.jasper.servlet.TldScanner} - At least one JAR was scanned for TLDs yet contained no TLDs. Enable debug logging for this logger for a complete list of JARs that were scanned but no TLDs were found in them. Skipping unneeded JARs during scanning can improve startup time and JSP compilation time.
TID: [-1234] [totpauthenticationendpoint] [2021-04-15 10:51:39,558] []  INFO {org.wso2.carbon.identity.application.authentication.endpoint.util.TenantDataManager} - EndpointConfig.properties file loaded from ./repository/conf/identity/EndpointConfig.properties
TID: [-1234] [totpauthenticationendpoint] [2021-04-15 10:51:39,565] []  INFO {org.wso2.carbon.identity.application.authentication.endpoint.util.MutualSSLManager} - EndpointConfig.properties file loaded from ./repository/conf/identity/EndpointConfig.properties
TID: [-1234] [totpauthenticationendpoint] [2021-04-15 10:51:39,607] []  INFO {org.wso2.carbon.identity.application.authentication.endpoint.util.EndpointConfigManager} - EndpointConfig.properties file loaded from ./repository/conf/identity/EndpointConfig.properties
TID: [-1234] [totpauthenticationendpoint] [2021-04-15 10:51:39,642] []  INFO {org.wso2.carbon.webapp.mgt.TomcatGenericWebappsDeployer} - Deployed webapp: StandardEngine[Catalina].StandardHost[localhost].StandardContext[/totpauthenticationendpoint].File[/home/wso2carbon/wso2is-5.11.0/repository/deployment/server/webapps/totpauthenticationendpoint]
TID: [-1234] [wso2] [2021-04-15 10:51:39,899] []  INFO {org.apache.jasper.servlet.TldScanner} - At least one JAR was scanned for TLDs yet contained no TLDs. Enable debug logging for this logger for a complete list of JARs that were scanned but no TLDs were found in them. Skipping unneeded JARs during scanning can improve startup time and JSP compilation time.
TID: [-1234] [wso2] [2021-04-15 10:51:40,781] []  INFO {org.wso2.carbon.webapp.mgt.TomcatGenericWebappsDeployer} - Deployed webapp: StandardEngine[Catalina].StandardHost[localhost].StandardContext[/wso2].File[/home/wso2carbon/wso2is-5.11.0/repository/deployment/server/webapps/wso2]
TID: [-1234] [x509certificateauthenticationendpoint] [2021-04-15 10:51:41,052] []  INFO {org.apache.jasper.servlet.TldScanner} - At least one JAR was scanned for TLDs yet contained no TLDs. Enable debug logging for this logger for a complete list of JARs that were scanned but no TLDs were found in them. Skipping unneeded JARs during scanning can improve startup time and JSP compilation time.
TID: [-1234] [x509certificateauthenticationendpoint] [2021-04-15 10:51:41,058] []  INFO {org.wso2.carbon.webapp.mgt.TomcatGenericWebappsDeployer} - Deployed webapp: StandardEngine[Catalina].StandardHost[localhost].StandardContext[/x509certificateauthenticationendpoint].File[/home/wso2carbon/wso2is-5.11.0/repository/deployment/server/webapps/x509certificateauthenticationendpoint]
TID: [-1234] [] [2021-04-15 10:51:41,080] []  INFO {org.wso2.carbon.humantask.core.HumanTaskSchedulerInitializer} - Starting HumanTasks Scheduler
TID: [-1234] [] [2021-04-15 10:51:41,114] []  INFO {openjpa.Runtime} - Starting OpenJPA 2.2.0-wso2v1
TID: [-1234] [] [2021-04-15 10:51:41,193] []  INFO {openjpa.jdbc.JDBC} - Using dictionary class "org.apache.openjpa.jdbc.sql.H2Dictionary".
TID: [-1234] [] [2021-04-15 10:51:42,076] []  INFO {org.wso2.carbon.core.transports.http.HttpTransportListener} - HTTP port        : 9763
TID: [-1234] [] [2021-04-15 10:51:42,077] []  INFO {org.wso2.carbon.core.transports.http.HttpsTransportListener} - HTTPS port       : 9443
TID: [-1234] [] [2021-04-15 10:51:42,600] []  WARN {org.apache.tomcat.util.net.SSLUtilBase} - jsseUtil.trustedCertNotValid
TID: [-1234] [] [2021-04-15 10:51:42,606] []  WARN {org.apache.tomcat.util.net.SSLUtilBase} - jsseUtil.trustedCertNotValid
TID: [-1234] [] [2021-04-15 10:51:42,618] []  WARN {org.apache.tomcat.util.net.SSLUtilBase} - jsseUtil.trustedCertNotValid
TID: [-1234] [] [2021-04-15 10:51:42,619] []  WARN {org.apache.tomcat.util.net.SSLUtilBase} - jsseUtil.trustedCertNotValid
TID: [-1234] [] [2021-04-15 10:51:42,622] []  WARN {org.apache.tomcat.util.net.SSLUtilBase} - jsseUtil.trustedCertNotValid
TID: [-1234] [] [2021-04-15 10:51:42,865] []  INFO {org.wso2.carbon.bpel.core.ode.integration.BPELSchedulerInitializer} - Starting BPS Scheduler
TID: [-1234] [] [2021-04-15 10:51:42,873] []  INFO {openjpa.Runtime} - Starting OpenJPA 2.2.0-wso2v1
TID: [-1234] [] [2021-04-15 10:51:42,876] []  INFO {openjpa.jdbc.JDBC} - Using dictionary class "org.apache.openjpa.jdbc.sql.H2Dictionary" (H2 1.4.199 (2019-03-13) ,H2 JDBC Driver 1.4.199 (2019-03-13)).
TID: [-1234] [] [2021-04-15 10:51:43,009] []  INFO {org.wso2.carbon.core.internal.StartupFinalizerServiceComponent} - Server           :  WSO2 Identity Server-5.11.0
TID: [-1234] [] [2021-04-15 10:51:43,011] []  INFO {org.wso2.carbon.core.internal.StartupFinalizerServiceComponent} - WSO2 Carbon started in 107 sec
TID: [-1234] [] [2021-04-15 10:51:43,123] []  INFO {org.wso2.carbon.healthcheck.api.core.internal.HealthMonitorServiceComponent} - Carbon health monitoring service is activated..
TID: [-1234] [] [2021-04-15 10:51:44,056] []  INFO {org.apache.jasper.servlet.TldScanner} - At least one JAR was scanned for TLDs yet contained no TLDs. Enable debug logging for this logger for a complete list of JARs that were scanned but no TLDs were found in them. Skipping unneeded JARs during scanning can improve startup time and JSP compilation time.
TID: [-1234] [] [2021-04-15 10:51:44,147] []  INFO {org.wso2.carbon.ui.internal.CarbonUIServiceComponent} - Mgt Console URL  : https://localhost:9443/carbon/
TID: [-1234] [] [2021-04-15 10:51:44,272] []  INFO {org.wso2.identity.apps.common.internal.AppsCommonServiceComponent} - My Account URL : https://localhost:9443/myaccount
TID: [-1234] [] [2021-04-15 10:51:44,274] []  INFO {org.wso2.identity.apps.common.internal.AppsCommonServiceComponent} - Console URL : https://localhost:9443/console
TID: [-1234] [] [2021-04-15 10:51:44,274] []  INFO {org.wso2.identity.apps.common.internal.AppsCommonServiceComponent} - Identity apps common service component activated successfully.
TID: [-1] [] [2021-04-15 10:51:44,476] []  INFO {org.wso2.callhome.CallHomeExecutor} - 
..................................
There are no new updates available
..................................
TID: [-1234] [] [2021-04-15 10:53:06,524] [e22ef613-4ca4-44b4-a34f-b3aa1abef450]  INFO {org.wso2.carbon.core.services.util.CarbonAuthenticationUtil} - 'admin@carbon.super [-1234]' logged in at [2021-04-15 10:53:06,524+0000]
