TID: [-1234] [] [2021-05-06 07:54:23,832] []  INFO {org.wso2.carbon.core.internal.CarbonCoreActivator} - Starting WSO2 Carbon...
TID: [-1] [] [2021-05-06 07:54:23,389] []  INFO {org.ops4j.pax.logging.spi.support.EventAdminConfigurationNotifier} - Sending Event Admin nofification (configuration successful) to org/ops4j/pax/logging/Configuration
TID: [-1234] [] [2021-05-06 07:54:23,847] []  INFO {org.wso2.carbon.core.internal.CarbonCoreActivator} - Operating System : Linux 5.8.0-50-generic, amd64
TID: [-1234] [] [2021-05-06 07:54:23,847] []  INFO {org.wso2.carbon.core.internal.CarbonCoreActivator} - Java Home        : /opt/java/openjdk
TID: [-1234] [] [2021-05-06 07:54:23,849] []  INFO {org.wso2.carbon.core.internal.CarbonCoreActivator} - Java Version     : 11.0.9
TID: [-1234] [] [2021-05-06 07:54:23,849] []  INFO {org.wso2.carbon.core.internal.CarbonCoreActivator} - Java VM          : OpenJDK 64-Bit Server VM 11.0.9+11,AdoptOpenJDK
TID: [-1234] [] [2021-05-06 07:54:23,849] []  INFO {org.wso2.carbon.core.internal.CarbonCoreActivator} - Carbon Home      : /home/wso2carbon/wso2is-5.11.0
TID: [-1234] [] [2021-05-06 07:54:23,851] []  INFO {org.wso2.carbon.core.internal.CarbonCoreActivator} - Java Temp Dir    : /home/wso2carbon/wso2is-5.11.0/tmp
TID: [-1234] [] [2021-05-06 07:54:23,852] []  INFO {org.wso2.carbon.core.internal.CarbonCoreActivator} - User             : wso2carbon, en-US, GMT
TID: [-1] [] [2021-05-06 07:54:24,392] []  INFO {org.wso2.carbon.event.output.adapter.kafka.internal.ds.KafkaEventAdapterServiceDS} - Successfully deployed the Kafka output event adaptor service
TID: [-1] [] [2021-05-06 07:54:25,233] []  INFO {org.wso2.carbon.identity.oauth.uma.grant.internal.UMA2GrantServiceComponent} - Policy evaluator registered successfully: DefaultPolicyEvaluator
TID: [-1] [] [2021-05-06 07:54:25,234] []  INFO {org.wso2.carbon.identity.oauth.uma.grant.internal.UMA2GrantServiceComponent} - UMA Grant component activated successfully.
TID: [-1234] [] [2021-05-06 07:54:25,913] []  INFO {org.wso2.carbon.ldap.server.configuration.LDAPConfigurationBuilder} - KDC server is disabled.
TID: [-1234] [] [2021-05-06 07:54:30,925] []  INFO {org.apache.directory.server.KERBEROS_LOG} - KeyDerivation Interceptor initialized
TID: [-1] [] [2021-05-06 07:54:31,720] []  INFO {org.wso2.carbon.mex.internal.Office365SupportMexComponent} - Office365Support MexServiceComponent bundle activated successfully..
TID: [-1] [] [2021-05-06 07:54:31,754] []  INFO {org.wso2.carbon.mex2.internal.DynamicCRMCustomMexComponent} - DynamicCRMSupport MexServiceComponent bundle activated successfully.
TID: [-1234] [] [2021-05-06 07:54:41,308] []  INFO {org.wso2.carbon.user.core.ldap.UniqueIDReadWriteLDAPUserStoreManager} - LDAP connection created successfully in read-write mode
TID: [-1234] [] [2021-05-06 07:54:41,967] []  INFO {org.wso2.carbon.consent.mgt.core.internal.ConsentManagerComponent} - ConsentManagerComponent is activated.
TID: [-1234] [] [2021-05-06 07:54:43,930] []  INFO {org.wso2.carbon.registry.core.jdbc.EmbeddedRegistryService} - Configured Registry in 361ms
TID: [-1234] [] [2021-05-06 07:54:44,075] []  INFO {org.wso2.carbon.registry.core.jdbc.EmbeddedRegistryService} - Connected to mount at configregistry in 21ms
TID: [-1234] [] [2021-05-06 07:54:44,078] []  INFO {org.wso2.carbon.registry.core.jdbc.EmbeddedRegistryService} - Connected to mount at govregistry in 23ms
TID: [-1234] [] [2021-05-06 07:54:44,358] []  INFO {org.wso2.carbon.registry.core.jdbc.EmbeddedRegistryService} - Connected to mount at configregistry in 0ms
TID: [-1234] [] [2021-05-06 07:54:44,361] []  INFO {org.wso2.carbon.registry.core.jdbc.EmbeddedRegistryService} - Connected to mount at govregistry in 3ms
TID: [-1234] [] [2021-05-06 07:54:44,375] []  INFO {org.wso2.carbon.registry.core.internal.RegistryCoreServiceComponent} - Registry Mode    : READ-WRITE
TID: [-1234] [] [2021-05-06 07:54:44,694] []  INFO {org.wso2.carbon.metrics.impl.util.JmxReporterBuilder} - Creating JMX reporter for Metrics with domain 'org.wso2.carbon.metrics'
TID: [-1234] [] [2021-05-06 07:54:44,719] []  INFO {org.wso2.carbon.metrics.impl.reporter.AbstractReporter} - Started JMX reporter for Metrics
TID: [-1] [] [2021-05-06 07:54:46,124] []  INFO {org.apache.jasper.servlet.TldScanner} - At least one JAR was scanned for TLDs yet contained no TLDs. Enable debug logging for this logger for a complete list of JARs that were scanned but no TLDs were found in them. Skipping unneeded JARs during scanning can improve startup time and JSP compilation time.
TID: [-1234] [] [2021-05-06 07:54:50,360] []  INFO {org.wso2.carbon.registry.indexing.solr.SolrClient} - Default Embedded Solr Server Initialized
TID: [-1234] [] [2021-05-06 07:54:50,845] []  INFO {org.wso2.carbon.identity.authenticator.x509Certificate.internal.X509CertificateServiceComponent} - X509 Certificate Servlet activated successfully..
TID: [-1234] [] [2021-05-06 07:54:52,243] []  INFO {org.wso2.carbon.user.core.internal.UserStoreMgtDSComponent} - Carbon UserStoreMgtDSComponent activated successfully.
TID: [-1] [] [2021-05-06 07:54:52,897] []  INFO {org.wso2.carbon.attachment.mgt.server.internal.AttachmentServiceComponent} - Initialising Attachment Server
TID: [-1] [] [2021-05-06 07:54:54,084] []  INFO {org.wso2.carbon.attachment.mgt.core.dao.impl.jpa.AbstractJPAVendorAdapter} - [Attachment-Mgt OpenJPA] DB Dictionary: h2
TID: [-1] [] [2021-05-06 07:54:54,092] []  INFO {org.wso2.carbon.attachment.mgt.core.dao.impl.jpa.AbstractJPAVendorAdapter} - [Attachment-Mgt OpenJPA] Generate DDL Enabled.
TID: [-1] [] [2021-05-06 07:54:54,487] []  INFO {org.wso2.carbon.attachment.mgt.server.internal.AttachmentServiceComponent} - Registering AttachmentServerService
TID: [-1] [] [2021-05-06 07:54:54,544] []  INFO {org.wso2.carbon.bpel.core.internal.BPELServiceComponent} - Initializing BPEL Engine........
TID: [-1] [] [2021-05-06 07:54:54,646] []  INFO {org.apache.ode.il.EmbeddedGeronimoFactory} - Using embedded Geronimo transaction manager
TID: [-1] [] [2021-05-06 07:54:54,756] []  INFO {org.apache.ode.il.dbutil.Database} - ODE using external DataSource "bpsds".
TID: [-1] [] [2021-05-06 07:54:54,759] []  INFO {org.wso2.carbon.bpel.core.ode.integration.BPELServerImpl} - Using DAO Connection Factory class: org.apache.ode.dao.jpa.BPELDAOConnectionFactoryImpl
TID: [-1] [] [2021-05-06 07:54:54,761] []  INFO {org.apache.ode.il.dbutil.Database} - Using DAO Connection Factory class org.apache.ode.dao.jpa.BPELDAOConnectionFactoryImpl.
TID: [-1] [] [2021-05-06 07:54:55,203] []  INFO {org.apache.ode.store.jpa.DbConfStoreConnectionFactory} - ProcessStore initializing transaction manager using org.apache.ode.il.EmbeddedGeronimoFactory
TID: [-1] [] [2021-05-06 07:54:55,206] []  INFO {org.apache.ode.il.EmbeddedGeronimoFactory} - Using embedded Geronimo transaction manager
TID: [-1] [] [2021-05-06 07:54:55,339] []  INFO {org.apache.ode.scheduler.simple.JdbcDelegate} - Using database H2 major version 1
TID: [-1] [] [2021-05-06 07:54:55,340] []  INFO {org.apache.ode.scheduler.simple.JdbcDelegate} - Using database dialect: H2
TID: [-1] [] [2021-05-06 07:54:55,465] []  INFO {org.wso2.carbon.bpel.core.ode.integration.BPELServerImpl} - This node is a manager node
TID: [-1] [] [2021-05-06 07:54:55,579] []  INFO {org.wso2.carbon.bpel.core.ode.integration.BPELServerImpl} - Registering E4X Extension...
TID: [-1] [] [2021-05-06 07:54:55,642] []  INFO {org.wso2.carbon.bpel.core.ode.integration.BPELServerImpl} - Registering B4P Extension...
TID: [-1] [] [2021-05-06 07:54:55,686] []  INFO {org.wso2.carbon.bpel.core.ode.integration.BPELServerImpl} - Registering B4P Filter...
TID: [-1] [] [2021-05-06 07:54:55,699] []  INFO {org.apache.ode.bpel.engine.BpelServerImpl} - BPEL Server Started.
TID: [-1] [] [2021-05-06 07:54:55,700] []  INFO {org.wso2.carbon.bpel.core.ode.integration.BPELServerImpl} - Registering MBeans
TID: [-1] [] [2021-05-06 07:54:55,821] []  INFO {org.wso2.carbon.humantask.core.internal.HumanTaskServiceComponent} - Initialising HumanTask Server
TID: [-1] [] [2021-05-06 07:54:55,927] []  INFO {org.apache.ode.il.EmbeddedGeronimoFactory} - Using embedded Geronimo transaction manager
TID: [-1] [] [2021-05-06 07:54:55,965] []  INFO {org.wso2.carbon.humantask.core.dao.jpa.AbstractJPAVendorAdapter} - [HT OpenJPA] DB Dictionary: h2
TID: [-1] [] [2021-05-06 07:54:55,969] []  INFO {org.wso2.carbon.humantask.core.dao.jpa.AbstractJPAVendorAdapter} - [HT OpenJPA] Generate DDL Enabled.
TID: [-1] [] [2021-05-06 07:54:56,089] []  INFO {org.wso2.carbon.humantask.core.internal.HumanTaskServiceComponent} - Registering Axis2ConfigurationContextObserver
TID: [-1] [] [2021-05-06 07:54:56,206] []  INFO {org.wso2.carbon.humantask.core.internal.HumanTaskServiceComponent} - Registering HT related MBeans
TID: [-1] [] [2021-05-06 07:54:56,231] []  INFO {org.wso2.carbon.humantask.core.internal.HumanTaskServiceComponent} - MXBean for Human tasks registered successfully
TID: [-1234] [] [2021-05-06 07:54:57,738] []  INFO {org.wso2.carbon.identity.user.store.configuration.deployer.UserStoreConfigurationDeployer} - User Store Configuration Deployer initiated.
TID: [-1234] [] [2021-05-06 07:54:57,747] []  INFO {org.wso2.carbon.identity.user.store.configuration.deployer.UserStoreConfigurationDeployer} - User Store Configuration Deployer initiated.
TID: [-1234] [] [2021-05-06 07:54:57,756] []  INFO {org.wso2.carbon.bpel.deployer.BPELDeployer} - Initializing BPEL Deployer for tenant -1234.
TID: [-1234] [] [2021-05-06 07:54:57,816] []  INFO {org.wso2.carbon.humantask.deployer.HumanTaskDeployer} - Initializing HumanTask Deployer for tenant -1234.
TID: [-1234] [] [2021-05-06 07:54:57,865] []  INFO {org.apache.axis2.transport.mail.MailTransportSender} - MAILTO Sender started
TID: [-1234] [I18nEmailMgtConfigService] [2021-05-06 07:55:00,558] []  INFO {org.wso2.carbon.core.deployment.DeploymentInterceptor} - Deploying Axis2 service: I18nEmailMgtConfigService {super-tenant}
TID: [-1234] [AccountCredentialMgtConfigService] [2021-05-06 07:55:05,407] []  INFO {org.wso2.carbon.core.deployment.DeploymentInterceptor} - Deploying Axis2 service: AccountCredentialMgtConfigService {super-tenant}
TID: [-1234] [UserIdentityManagementAdminService] [2021-05-06 07:55:05,422] []  INFO {org.wso2.carbon.core.deployment.DeploymentInterceptor} - Deploying Axis2 service: UserIdentityManagementAdminService {super-tenant}
TID: [-1234] [UserInformationRecoveryService] [2021-05-06 07:55:05,425] []  INFO {org.wso2.carbon.core.deployment.DeploymentInterceptor} - Deploying Axis2 service: UserInformationRecoveryService {super-tenant}
TID: [-1234] [SAMLQueryService] [2021-05-06 07:55:05,709] []  INFO {org.wso2.carbon.core.deployment.DeploymentInterceptor} - Deploying Axis2 service: SAMLQueryService {super-tenant}
TID: [-1234] [mex-ut] [2021-05-06 07:55:06,530] []  INFO {org.wso2.carbon.core.deployment.DeploymentInterceptor} - Deploying Axis2 service: mex-ut {super-tenant}
TID: [-1234] [mex-ut2] [2021-05-06 07:55:06,548] []  INFO {org.wso2.carbon.core.deployment.DeploymentInterceptor} - Deploying Axis2 service: mex-ut2 {super-tenant}
TID: [-1234] [] [2021-05-06 07:55:08,546] []  INFO {org.wso2.carbon.core.init.CarbonServerManager} - Repository       : /home/wso2carbon/wso2is-5.11.0/repository/deployment/server/
TID: [-1234] [] [2021-05-06 07:55:08,667] []  INFO {org.wso2.carbon.core.multitenancy.eager.TenantLoadingConfig} - Using tenant lazy loading policy...
TID: [-1234] [] [2021-05-06 07:55:08,714] []  INFO {org.wso2.carbon.core.internal.permission.update.PermissionUpdater} - Permission cache updated for tenant -1234
TID: [-1234] [] [2021-05-06 07:55:10,608] []  INFO {org.wso2.carbon.user.core.internal.UserStoreMgtDSComponent} - Claim manager set for class org.wso2.carbon.user.core.common.DefaultRealm
TID: [-1234] [] [2021-05-06 07:55:10,614] []  INFO {org.wso2.carbon.user.core.internal.UserStoreMgtDSComponent} - Claim manager set for class org.wso2.carbon.user.core.ldap.UniqueIDReadWriteLDAPUserStoreManager
TID: [-1234] [] [2021-05-06 07:55:10,884] []  INFO {org.wso2.balana.ConfigurationStore} - Loading runtime configuration
TID: [-1] [] [2021-05-06 07:55:10,908] []  INFO {org.wso2.carbon.identity.entitlement.internal.SchemaBuilder} - XACML policy schema loaded successfully.
TID: [-1234] [] [2021-05-06 07:55:11,367] []  INFO {org.wso2.carbon.identity.oauth.uma.xacml.service.internal.AppUMAServiceComponents} - XACML UMA Handler activated successfully.
TID: [-1234] [] [2021-05-06 07:55:11,793] []  INFO {org.wso2.carbon.identity.oauth.config.OAuthServerConfiguration} - The default OAuth token issuer will be used. No custom token generator is set.
TID: [-1234] [] [2021-05-06 07:55:14,361] []  INFO {org.wso2.carbon.identity.local.auth.api.core.internal.AuthAPIServiceComponent} - Auth API Service Component  is activated.
TID: [-1234] [] [2021-05-06 07:55:15,235] []  INFO {org.wso2.carbon.identity.application.authentication.framework.store.SessionDataStore} - Thread pool size for temporary authentication context data delete task: 20
TID: [-1234] [] [2021-05-06 07:55:16,794] []  INFO {org.wso2.carbon.healthcheck.api.core.internal.HealthMonitorServiceComponent} - Carbon health monitoring service is activated..
TID: [-1234] [] [2021-05-06 07:55:17,053] []  INFO {org.wso2.carbon.event.publisher.core.EventPublisherDeployer} - Event Publisher deployment held back and in inactive state :EmailPublisher.xml, Stream validation exception : Stream id_gov_notify_stream:1.0.0 does not exist
TID: [-1234] [] [2021-05-06 07:55:17,059] []  INFO {org.wso2.carbon.event.publisher.core.EventPublisherDeployer} - Event Publisher deployment held back and in inactive state :IsAnalytics-Publisher-wso2event-AuthenticationData-1.1.0.xml, Stream validation exception : Stream org.wso2.is.analytics.stream.OverallAuthentication:1.1.0 does not exist
TID: [-1234] [] [2021-05-06 07:55:17,071] []  INFO {org.wso2.carbon.event.publisher.core.EventPublisherDeployer} - Event Publisher deployment held back and in inactive state :IsAnalytics-Publisher-wso2event-AuthenticationData.xml, Stream validation exception : Stream org.wso2.is.analytics.stream.OverallAuthentication:1.0.0 does not exist
TID: [-1234] [] [2021-05-06 07:55:17,075] []  INFO {org.wso2.carbon.event.publisher.core.EventPublisherDeployer} - Event Publisher deployment held back and in inactive state :IsAnalytics-Publisher-wso2event-OauthTokenIssueRefresh.xml, Stream validation exception : Stream org.wso2.is.analytics.stream.OauthTokenIssuance:1.0.0 does not exist
TID: [-1234] [] [2021-05-06 07:55:17,080] []  INFO {org.wso2.carbon.event.publisher.core.EventPublisherDeployer} - Event Publisher deployment held back and in inactive state :IsAnalytics-Publisher-wso2event-OauthTokenRevocation.xml, Stream validation exception : Stream org.wso2.is.analytics.stream.OauthTokenRevocation:1.0.0 does not exist
TID: [-1234] [] [2021-05-06 07:55:17,092] []  INFO {org.wso2.carbon.event.publisher.core.EventPublisherDeployer} - Event Publisher deployment held back and in inactive state :IsAnalytics-Publisher-wso2event-OauthTokenValidation.xml, Stream validation exception : Stream org.wso2.is.analytics.stream.OauthTokenValidation:1.0.0 does not exist
TID: [-1234] [] [2021-05-06 07:55:17,100] []  INFO {org.wso2.carbon.event.publisher.core.EventPublisherDeployer} - Event Publisher deployment held back and in inactive state :IsAnalytics-Publisher-wso2event-RoleData.xml, Stream validation exception : Stream org.wso2.is.analytics.stream.OverallRoleData:1.0.0 does not exist
TID: [-1234] [] [2021-05-06 07:55:17,104] []  INFO {org.wso2.carbon.event.publisher.core.EventPublisherDeployer} - Event Publisher deployment held back and in inactive state :IsAnalytics-Publisher-wso2event-SessionData.xml, Stream validation exception : Stream org.wso2.is.analytics.stream.OverallSession:1.0.0 does not exist
TID: [-1234] [] [2021-05-06 07:55:17,125] []  INFO {org.wso2.carbon.event.publisher.core.EventPublisherDeployer} - Event Publisher deployment held back and in inactive state :IsAnalytics-Publisher-wso2event-UserData.xml, Stream validation exception : Stream org.wso2.is.analytics.stream.OverallUserData:1.0.0 does not exist
TID: [-1234] [] [2021-05-06 07:55:17,141] []  INFO {org.wso2.carbon.event.publisher.core.EventPublisherDeployer} - Event Publisher undeployed successfully : EmailPublisher.xml
TID: [-1234] [] [2021-05-06 07:55:17,179] []  INFO {org.wso2.carbon.event.stream.core.internal.EventJunction} - WSO2EventConsumer added to the junction. Stream:id_gov_notify_stream:1.0.0
TID: [-1234] [] [2021-05-06 07:55:17,186] []  INFO {org.wso2.carbon.event.publisher.core.EventPublisherDeployer} - Event Publisher configuration successfully deployed and in active state : EmailPublisher
TID: [-1234] [] [2021-05-06 07:55:17,187] []  INFO {org.wso2.carbon.event.stream.core.EventStreamDeployer} - Stream definition is deployed successfully  : id_gov_notify_stream:1.0.0
TID: [-1234] [] [2021-05-06 07:55:17,190] []  INFO {org.wso2.carbon.event.stream.core.EventStreamDeployer} - Stream definition is deployed successfully  : id_gov_sms_notify_stream:1.0.0
TID: [-1234] [] [2021-05-06 07:55:17,198] []  INFO {org.wso2.carbon.event.publisher.core.EventPublisherDeployer} - Event Publisher undeployed successfully : IsAnalytics-Publisher-wso2event-OauthTokenIssueRefresh.xml
TID: [-1234] [] [2021-05-06 07:55:17,214] []  INFO {org.wso2.carbon.event.stream.core.internal.EventJunction} - WSO2EventConsumer added to the junction. Stream:org.wso2.is.analytics.stream.OauthTokenIssuance:1.0.0
TID: [-1234] [] [2021-05-06 07:55:17,223] []  INFO {org.wso2.carbon.event.publisher.core.EventPublisherDeployer} - Event Publisher configuration successfully deployed and in active state : IsAnalytics-Publisher-wso2event-OauthTokenIssueRefresh
TID: [-1234] [] [2021-05-06 07:55:17,224] []  INFO {org.wso2.carbon.event.stream.core.EventStreamDeployer} - Stream definition is deployed successfully  : org.wso2.is.analytics.stream.OauthTokenIssuance:1.0.0
TID: [-1234] [] [2021-05-06 07:55:17,226] []  INFO {org.wso2.carbon.event.publisher.core.EventPublisherDeployer} - Event Publisher undeployed successfully : IsAnalytics-Publisher-wso2event-OauthTokenRevocation.xml
TID: [-1234] [] [2021-05-06 07:55:17,235] []  INFO {org.wso2.carbon.event.stream.core.internal.EventJunction} - WSO2EventConsumer added to the junction. Stream:org.wso2.is.analytics.stream.OauthTokenRevocation:1.0.0
TID: [-1234] [] [2021-05-06 07:55:17,238] []  INFO {org.wso2.carbon.event.publisher.core.EventPublisherDeployer} - Event Publisher configuration successfully deployed and in active state : IsAnalytics-Publisher-wso2event-OauthTokenRevocation
TID: [-1234] [] [2021-05-06 07:55:17,252] []  INFO {org.wso2.carbon.event.stream.core.EventStreamDeployer} - Stream definition is deployed successfully  : org.wso2.is.analytics.stream.OauthTokenRevocation:1.0.0
TID: [-1234] [] [2021-05-06 07:55:17,261] []  INFO {org.wso2.carbon.event.publisher.core.EventPublisherDeployer} - Event Publisher undeployed successfully : IsAnalytics-Publisher-wso2event-OauthTokenValidation.xml
TID: [-1234] [] [2021-05-06 07:55:17,265] []  INFO {org.wso2.carbon.event.stream.core.internal.EventJunction} - WSO2EventConsumer added to the junction. Stream:org.wso2.is.analytics.stream.OauthTokenValidation:1.0.0
TID: [-1234] [] [2021-05-06 07:55:17,272] []  INFO {org.wso2.carbon.event.publisher.core.EventPublisherDeployer} - Event Publisher configuration successfully deployed and in active state : IsAnalytics-Publisher-wso2event-OauthTokenValidation
TID: [-1234] [] [2021-05-06 07:55:17,273] []  INFO {org.wso2.carbon.event.stream.core.EventStreamDeployer} - Stream definition is deployed successfully  : org.wso2.is.analytics.stream.OauthTokenValidation:1.0.0
TID: [-1234] [] [2021-05-06 07:55:17,287] []  INFO {org.wso2.carbon.event.publisher.core.EventPublisherDeployer} - Event Publisher undeployed successfully : IsAnalytics-Publisher-wso2event-AuthenticationData.xml
TID: [-1234] [] [2021-05-06 07:55:17,290] []  INFO {org.wso2.carbon.event.stream.core.internal.EventJunction} - WSO2EventConsumer added to the junction. Stream:org.wso2.is.analytics.stream.OverallAuthentication:1.0.0
TID: [-1234] [] [2021-05-06 07:55:17,304] []  INFO {org.wso2.carbon.event.publisher.core.EventPublisherDeployer} - Event Publisher configuration successfully deployed and in active state : IsAnalytics-Publisher-wso2event-AuthenticationData
TID: [-1234] [] [2021-05-06 07:55:17,304] []  INFO {org.wso2.carbon.event.stream.core.EventStreamDeployer} - Stream definition is deployed successfully  : org.wso2.is.analytics.stream.OverallAuthentication:1.0.0
TID: [-1234] [] [2021-05-06 07:55:17,308] []  INFO {org.wso2.carbon.event.publisher.core.EventPublisherDeployer} - Event Publisher undeployed successfully : IsAnalytics-Publisher-wso2event-AuthenticationData-1.1.0.xml
TID: [-1234] [] [2021-05-06 07:55:17,316] []  INFO {org.wso2.carbon.event.stream.core.internal.EventJunction} - WSO2EventConsumer added to the junction. Stream:org.wso2.is.analytics.stream.OverallAuthentication:1.1.0
TID: [-1234] [] [2021-05-06 07:55:17,318] []  INFO {org.wso2.carbon.event.publisher.core.EventPublisherDeployer} - Event Publisher configuration successfully deployed and in active state : IsAnalytics-Publisher-wso2event-AuthenticationData-1.1.0
TID: [-1234] [] [2021-05-06 07:55:17,325] []  INFO {org.wso2.carbon.event.stream.core.EventStreamDeployer} - Stream definition is deployed successfully  : org.wso2.is.analytics.stream.OverallAuthentication:1.1.0
TID: [-1234] [] [2021-05-06 07:55:17,335] []  INFO {org.wso2.carbon.event.publisher.core.EventPublisherDeployer} - Event Publisher undeployed successfully : IsAnalytics-Publisher-wso2event-RoleData.xml
TID: [-1234] [] [2021-05-06 07:55:17,340] []  INFO {org.wso2.carbon.event.stream.core.internal.EventJunction} - WSO2EventConsumer added to the junction. Stream:org.wso2.is.analytics.stream.OverallRoleData:1.0.0
TID: [-1234] [] [2021-05-06 07:55:17,352] []  INFO {org.wso2.carbon.event.publisher.core.EventPublisherDeployer} - Event Publisher configuration successfully deployed and in active state : IsAnalytics-Publisher-wso2event-RoleData
TID: [-1234] [] [2021-05-06 07:55:17,368] []  INFO {org.wso2.carbon.event.stream.core.EventStreamDeployer} - Stream definition is deployed successfully  : org.wso2.is.analytics.stream.OverallRoleData:1.0.0
TID: [-1234] [] [2021-05-06 07:55:17,384] []  INFO {org.wso2.carbon.event.publisher.core.EventPublisherDeployer} - Event Publisher undeployed successfully : IsAnalytics-Publisher-wso2event-SessionData.xml
TID: [-1234] [] [2021-05-06 07:55:17,388] []  INFO {org.wso2.carbon.event.stream.core.internal.EventJunction} - WSO2EventConsumer added to the junction. Stream:org.wso2.is.analytics.stream.OverallSession:1.0.0
TID: [-1234] [] [2021-05-06 07:55:17,394] []  INFO {org.wso2.carbon.event.publisher.core.EventPublisherDeployer} - Event Publisher configuration successfully deployed and in active state : IsAnalytics-Publisher-wso2event-SessionData
TID: [-1234] [] [2021-05-06 07:55:17,399] []  INFO {org.wso2.carbon.event.stream.core.EventStreamDeployer} - Stream definition is deployed successfully  : org.wso2.is.analytics.stream.OverallSession:1.0.0
TID: [-1234] [] [2021-05-06 07:55:17,420] []  INFO {org.wso2.carbon.event.stream.core.EventStreamDeployer} - Stream definition is deployed successfully  : org.wso2.is.analytics.stream.OverallSession:1.0.1
TID: [-1234] [] [2021-05-06 07:55:17,428] []  INFO {org.wso2.carbon.event.publisher.core.EventPublisherDeployer} - Event Publisher undeployed successfully : IsAnalytics-Publisher-wso2event-UserData.xml
TID: [-1234] [] [2021-05-06 07:55:17,437] []  INFO {org.wso2.carbon.event.stream.core.internal.EventJunction} - WSO2EventConsumer added to the junction. Stream:org.wso2.is.analytics.stream.OverallUserData:1.0.0
TID: [-1234] [] [2021-05-06 07:55:17,450] []  INFO {org.wso2.carbon.event.publisher.core.EventPublisherDeployer} - Event Publisher configuration successfully deployed and in active state : IsAnalytics-Publisher-wso2event-UserData
TID: [-1234] [] [2021-05-06 07:55:17,456] []  INFO {org.wso2.carbon.event.stream.core.EventStreamDeployer} - Stream definition is deployed successfully  : org.wso2.is.analytics.stream.OverallUserData:1.0.0
TID: [-1234] [STRATOS_ROOT] [2021-05-06 07:55:17,865] []  INFO {org.apache.jasper.servlet.TldScanner} - At least one JAR was scanned for TLDs yet contained no TLDs. Enable debug logging for this logger for a complete list of JARs that were scanned but no TLDs were found in them. Skipping unneeded JARs during scanning can improve startup time and JSP compilation time.
TID: [-1234] [STRATOS_ROOT] [2021-05-06 07:55:17,915] []  INFO {org.wso2.carbon.webapp.mgt.TomcatGenericWebappsDeployer} - Deployed webapp: StandardEngine[Catalina].StandardHost[localhost].StandardContext[/STRATOS_ROOT].File[/home/wso2carbon/wso2is-5.11.0/repository/deployment/server/webapps/STRATOS_ROOT]
TID: [-1234] [accountrecoveryendpoint] [2021-05-06 07:55:18,825] []  INFO {org.apache.jasper.servlet.TldScanner} - At least one JAR was scanned for TLDs yet contained no TLDs. Enable debug logging for this logger for a complete list of JARs that were scanned but no TLDs were found in them. Skipping unneeded JARs during scanning can improve startup time and JSP compilation time.
TID: [-1234] [accountrecoveryendpoint] [2021-05-06 07:55:19,409] []  INFO {org.wso2.carbon.webapp.mgt.TomcatGenericWebappsDeployer} - Deployed webapp: StandardEngine[Catalina].StandardHost[localhost].StandardContext[/accountrecoveryendpoint].File[/home/wso2carbon/wso2is-5.11.0/repository/deployment/server/webapps/accountrecoveryendpoint]
TID: [-1234] [api] [2021-05-06 07:55:20,469] []  INFO {org.apache.jasper.servlet.TldScanner} - At least one JAR was scanned for TLDs yet contained no TLDs. Enable debug logging for this logger for a complete list of JARs that were scanned but no TLDs were found in them. Skipping unneeded JARs during scanning can improve startup time and JSP compilation time.
TID: [-1234] [api] [2021-05-06 07:55:25,686] []  INFO {org.hibernate.validator.internal.util.Version} - HV000001: Hibernate Validator 6.0.17.Final
TID: [-1234] [api] [2021-05-06 07:55:28,619] []  INFO {org.wso2.carbon.webapp.mgt.TomcatGenericWebappsDeployer} - Deployed webapp: StandardEngine[Catalina].StandardHost[localhost].StandardContext[/api].File[/home/wso2carbon/wso2is-5.11.0/repository/deployment/server/webapps/api]
TID: [-1234] [api#health-check#v1.0] [2021-05-06 07:55:29,531] []  INFO {org.apache.jasper.servlet.TldScanner} - At least one JAR was scanned for TLDs yet contained no TLDs. Enable debug logging for this logger for a complete list of JARs that were scanned but no TLDs were found in them. Skipping unneeded JARs during scanning can improve startup time and JSP compilation time.
TID: [-1234] [api#health-check#v1.0] [2021-05-06 07:55:33,818] []  INFO {org.wso2.carbon.webapp.mgt.TomcatGenericWebappsDeployer} - Deployed webapp: StandardEngine[Catalina].StandardHost[localhost].StandardContext[/api/health-check/v1.0].File[/home/wso2carbon/wso2is-5.11.0/repository/deployment/server/webapps/api#health-check#v1.0]
TID: [-1234] [api#identity#auth#v1.1] [2021-05-06 07:55:34,765] []  INFO {org.apache.jasper.servlet.TldScanner} - At least one JAR was scanned for TLDs yet contained no TLDs. Enable debug logging for this logger for a complete list of JARs that were scanned but no TLDs were found in them. Skipping unneeded JARs during scanning can improve startup time and JSP compilation time.
TID: [-1234] [api#identity#auth#v1.1] [2021-05-06 07:55:37,106] []  INFO {org.wso2.carbon.webapp.mgt.TomcatGenericWebappsDeployer} - Deployed webapp: StandardEngine[Catalina].StandardHost[localhost].StandardContext[/api/identity/auth/v1.1].File[/home/wso2carbon/wso2is-5.11.0/repository/deployment/server/webapps/api#identity#auth#v1.1]
TID: [-1234] [api#identity#config-mgt#v1.0] [2021-05-06 07:55:37,627] []  INFO {org.apache.jasper.servlet.TldScanner} - At least one JAR was scanned for TLDs yet contained no TLDs. Enable debug logging for this logger for a complete list of JARs that were scanned but no TLDs were found in them. Skipping unneeded JARs during scanning can improve startup time and JSP compilation time.
TID: [-1234] [api#identity#config-mgt#v1.0] [2021-05-06 07:55:39,530] []  INFO {org.wso2.carbon.webapp.mgt.TomcatGenericWebappsDeployer} - Deployed webapp: StandardEngine[Catalina].StandardHost[localhost].StandardContext[/api/identity/config-mgt/v1.0].File[/home/wso2carbon/wso2is-5.11.0/repository/deployment/server/webapps/api#identity#config-mgt#v1.0]
TID: [-1234] [api#identity#consent-mgt#v1.0] [2021-05-06 07:55:40,011] []  INFO {org.apache.jasper.servlet.TldScanner} - At least one JAR was scanned for TLDs yet contained no TLDs. Enable debug logging for this logger for a complete list of JARs that were scanned but no TLDs were found in them. Skipping unneeded JARs during scanning can improve startup time and JSP compilation time.
TID: [-1234] [api#identity#consent-mgt#v1.0] [2021-05-06 07:55:41,289] []  INFO {org.wso2.carbon.webapp.mgt.TomcatGenericWebappsDeployer} - Deployed webapp: StandardEngine[Catalina].StandardHost[localhost].StandardContext[/api/identity/consent-mgt/v1.0].File[/home/wso2carbon/wso2is-5.11.0/repository/deployment/server/webapps/api#identity#consent-mgt#v1.0]
TID: [-1234] [api#identity#entitlement] [2021-05-06 07:55:41,728] []  INFO {org.apache.jasper.servlet.TldScanner} - At least one JAR was scanned for TLDs yet contained no TLDs. Enable debug logging for this logger for a complete list of JARs that were scanned but no TLDs were found in them. Skipping unneeded JARs during scanning can improve startup time and JSP compilation time.
TID: [-1234] [api#identity#entitlement] [2021-05-06 07:55:42,859] []  INFO {org.reflections.Reflections} - Reflections took 80 ms to scan 1 urls, producing 50 keys and 77 values 
TID: [-1234] [api#identity#entitlement] [2021-05-06 07:55:43,659] []  INFO {org.wso2.carbon.webapp.mgt.TomcatGenericWebappsDeployer} - Deployed webapp: StandardEngine[Catalina].StandardHost[localhost].StandardContext[/api/identity/entitlement].File[/home/wso2carbon/wso2is-5.11.0/repository/deployment/server/webapps/api#identity#entitlement]
TID: [-1234] [api#identity#oauth2#dcr#v1.1] [2021-05-06 07:55:44,122] []  INFO {org.apache.jasper.servlet.TldScanner} - At least one JAR was scanned for TLDs yet contained no TLDs. Enable debug logging for this logger for a complete list of JARs that were scanned but no TLDs were found in them. Skipping unneeded JARs during scanning can improve startup time and JSP compilation time.
TID: [-1234] [api#identity#oauth2#dcr#v1.1] [2021-05-06 07:55:45,078] []  INFO {org.wso2.carbon.webapp.mgt.TomcatGenericWebappsDeployer} - Deployed webapp: StandardEngine[Catalina].StandardHost[localhost].StandardContext[/api/identity/oauth2/dcr/v1.1].File[/home/wso2carbon/wso2is-5.11.0/repository/deployment/server/webapps/api#identity#oauth2#dcr#v1.1]
TID: [-1234] [api#identity#oauth2#uma#permission#v1.0] [2021-05-06 07:55:45,357] []  INFO {org.apache.jasper.servlet.TldScanner} - At least one JAR was scanned for TLDs yet contained no TLDs. Enable debug logging for this logger for a complete list of JARs that were scanned but no TLDs were found in them. Skipping unneeded JARs during scanning can improve startup time and JSP compilation time.
TID: [-1234] [api#identity#oauth2#uma#permission#v1.0] [2021-05-06 07:55:46,272] []  INFO {org.wso2.carbon.webapp.mgt.TomcatGenericWebappsDeployer} - Deployed webapp: StandardEngine[Catalina].StandardHost[localhost].StandardContext[/api/identity/oauth2/uma/permission/v1.0].File[/home/wso2carbon/wso2is-5.11.0/repository/deployment/server/webapps/api#identity#oauth2#uma#permission#v1.0]
TID: [-1234] [api#identity#oauth2#uma#resourceregistration#v1.0] [2021-05-06 07:55:46,551] []  INFO {org.apache.jasper.servlet.TldScanner} - At least one JAR was scanned for TLDs yet contained no TLDs. Enable debug logging for this logger for a complete list of JARs that were scanned but no TLDs were found in them. Skipping unneeded JARs during scanning can improve startup time and JSP compilation time.
TID: [-1234] [api#identity#oauth2#uma#resourceregistration#v1.0] [2021-05-06 07:55:47,445] []  INFO {org.wso2.carbon.webapp.mgt.TomcatGenericWebappsDeployer} - Deployed webapp: StandardEngine[Catalina].StandardHost[localhost].StandardContext[/api/identity/oauth2/uma/resourceregistration/v1.0].File[/home/wso2carbon/wso2is-5.11.0/repository/deployment/server/webapps/api#identity#oauth2#uma#resourceregistration#v1.0]
TID: [-1234] [api#identity#oauth2#v1.0] [2021-05-06 07:55:47,749] []  INFO {org.apache.jasper.servlet.TldScanner} - At least one JAR was scanned for TLDs yet contained no TLDs. Enable debug logging for this logger for a complete list of JARs that were scanned but no TLDs were found in them. Skipping unneeded JARs during scanning can improve startup time and JSP compilation time.
TID: [-1234] [api#identity#oauth2#v1.0] [2021-05-06 07:55:48,771] []  INFO {org.wso2.carbon.webapp.mgt.TomcatGenericWebappsDeployer} - Deployed webapp: StandardEngine[Catalina].StandardHost[localhost].StandardContext[/api/identity/oauth2/v1.0].File[/home/wso2carbon/wso2is-5.11.0/repository/deployment/server/webapps/api#identity#oauth2#v1.0]
TID: [-1234] [api#identity#recovery#v0.9] [2021-05-06 07:55:49,144] []  INFO {org.apache.jasper.servlet.TldScanner} - At least one JAR was scanned for TLDs yet contained no TLDs. Enable debug logging for this logger for a complete list of JARs that were scanned but no TLDs were found in them. Skipping unneeded JARs during scanning can improve startup time and JSP compilation time.
TID: [-1234] [api#identity#recovery#v0.9] [2021-05-06 07:55:50,057] []  INFO {org.wso2.carbon.webapp.mgt.TomcatGenericWebappsDeployer} - Deployed webapp: StandardEngine[Catalina].StandardHost[localhost].StandardContext[/api/identity/recovery/v0.9].File[/home/wso2carbon/wso2is-5.11.0/repository/deployment/server/webapps/api#identity#recovery#v0.9]
TID: [-1234] [api#identity#template#mgt#v1.0.0] [2021-05-06 07:55:50,362] []  INFO {org.apache.jasper.servlet.TldScanner} - At least one JAR was scanned for TLDs yet contained no TLDs. Enable debug logging for this logger for a complete list of JARs that were scanned but no TLDs were found in them. Skipping unneeded JARs during scanning can improve startup time and JSP compilation time.
TID: [-1234] [api#identity#template#mgt#v1.0.0] [2021-05-06 07:55:50,852] []  INFO {org.wso2.carbon.webapp.mgt.TomcatGenericWebappsDeployer} - Deployed webapp: StandardEngine[Catalina].StandardHost[localhost].StandardContext[/api/identity/template/mgt/v1.0.0].File[/home/wso2carbon/wso2is-5.11.0/repository/deployment/server/webapps/api#identity#template#mgt#v1.0.0]
TID: [-1234] [api#identity#user#v1.0] [2021-05-06 07:55:51,168] []  INFO {org.apache.jasper.servlet.TldScanner} - At least one JAR was scanned for TLDs yet contained no TLDs. Enable debug logging for this logger for a complete list of JARs that were scanned but no TLDs were found in them. Skipping unneeded JARs during scanning can improve startup time and JSP compilation time.
TID: [-1234] [api#identity#user#v1.0] [2021-05-06 07:55:52,069] []  INFO {org.wso2.carbon.webapp.mgt.TomcatGenericWebappsDeployer} - Deployed webapp: StandardEngine[Catalina].StandardHost[localhost].StandardContext[/api/identity/user/v1.0].File[/home/wso2carbon/wso2is-5.11.0/repository/deployment/server/webapps/api#identity#user#v1.0]
TID: [-1234] [api#users#v2#me#webauthn] [2021-05-06 07:55:52,384] []  INFO {org.apache.jasper.servlet.TldScanner} - At least one JAR was scanned for TLDs yet contained no TLDs. Enable debug logging for this logger for a complete list of JARs that were scanned but no TLDs were found in them. Skipping unneeded JARs during scanning can improve startup time and JSP compilation time.
TID: [-1234] [api#users#v2#me#webauthn] [2021-05-06 07:55:53,282] []  INFO {org.wso2.carbon.webapp.mgt.TomcatGenericWebappsDeployer} - Deployed webapp: StandardEngine[Catalina].StandardHost[localhost].StandardContext[/api/users/v2/me/webauthn].File[/home/wso2carbon/wso2is-5.11.0/repository/deployment/server/webapps/api#users#v2#me#webauthn]
TID: [-1234] [authenticationendpoint] [2021-05-06 07:55:53,563] []  INFO {org.apache.jasper.servlet.TldScanner} - At least one JAR was scanned for TLDs yet contained no TLDs. Enable debug logging for this logger for a complete list of JARs that were scanned but no TLDs were found in them. Skipping unneeded JARs during scanning can improve startup time and JSP compilation time.
TID: [-1234] [authenticationendpoint] [2021-05-06 07:55:53,585] []  INFO {org.wso2.carbon.identity.application.authentication.endpoint.util.TenantDataManager} - EndpointConfig.properties file loaded from ./repository/conf/identity/EndpointConfig.properties
TID: [-1234] [authenticationendpoint] [2021-05-06 07:55:53,590] []  INFO {org.wso2.carbon.identity.application.authentication.endpoint.util.MutualSSLManager} - EndpointConfig.properties file loaded from ./repository/conf/identity/EndpointConfig.properties
TID: [-1234] [authenticationendpoint] [2021-05-06 07:55:53,642] []  INFO {org.wso2.carbon.identity.application.authentication.endpoint.util.EndpointConfigManager} - EndpointConfig.properties file loaded from ./repository/conf/identity/EndpointConfig.properties
TID: [-1234] [authenticationendpoint] [2021-05-06 07:55:53,834] []  INFO {org.wso2.carbon.webapp.mgt.TomcatGenericWebappsDeployer} - Deployed webapp: StandardEngine[Catalina].StandardHost[localhost].StandardContext[/authenticationendpoint].File[/home/wso2carbon/wso2is-5.11.0/repository/deployment/server/webapps/authenticationendpoint]
TID: [-1234] [console] [2021-05-06 07:55:54,058] []  INFO {org.apache.jasper.servlet.TldScanner} - At least one JAR was scanned for TLDs yet contained no TLDs. Enable debug logging for this logger for a complete list of JARs that were scanned but no TLDs were found in them. Skipping unneeded JARs during scanning can improve startup time and JSP compilation time.
TID: [-1234] [console] [2021-05-06 07:55:54,077] []  INFO {org.wso2.carbon.webapp.mgt.TomcatGenericWebappsDeployer} - Deployed webapp: StandardEngine[Catalina].StandardHost[localhost].StandardContext[/console].File[/home/wso2carbon/wso2is-5.11.0/repository/deployment/server/webapps/console]
TID: [-1234] [emailotpauthenticationendpoint] [2021-05-06 07:55:54,411] []  INFO {org.apache.jasper.servlet.TldScanner} - At least one JAR was scanned for TLDs yet contained no TLDs. Enable debug logging for this logger for a complete list of JARs that were scanned but no TLDs were found in them. Skipping unneeded JARs during scanning can improve startup time and JSP compilation time.
TID: [-1234] [emailotpauthenticationendpoint] [2021-05-06 07:55:54,419] []  INFO {org.wso2.carbon.webapp.mgt.TomcatGenericWebappsDeployer} - Deployed webapp: StandardEngine[Catalina].StandardHost[localhost].StandardContext[/emailotpauthenticationendpoint].File[/home/wso2carbon/wso2is-5.11.0/repository/deployment/server/webapps/emailotpauthenticationendpoint]
TID: [-1234] [lsp] [2021-05-06 07:55:55,000] []  INFO {org.apache.jasper.servlet.TldScanner} - At least one JAR was scanned for TLDs yet contained no TLDs. Enable debug logging for this logger for a complete list of JARs that were scanned but no TLDs were found in them. Skipping unneeded JARs during scanning can improve startup time and JSP compilation time.
TID: [-1234] [lsp] [2021-05-06 07:55:55,080] []  INFO {org.wso2.carbon.webapp.mgt.TomcatGenericWebappsDeployer} - Deployed webapp: StandardEngine[Catalina].StandardHost[localhost].StandardContext[/lsp].File[/home/wso2carbon/wso2is-5.11.0/repository/deployment/server/webapps/lsp]
TID: [-1234] [mex] [2021-05-06 07:55:55,316] []  INFO {org.apache.jasper.servlet.TldScanner} - At least one JAR was scanned for TLDs yet contained no TLDs. Enable debug logging for this logger for a complete list of JARs that were scanned but no TLDs were found in them. Skipping unneeded JARs during scanning can improve startup time and JSP compilation time.
TID: [-1234] [mex] [2021-05-06 07:55:55,321] []  INFO {org.wso2.carbon.webapp.mgt.TomcatGenericWebappsDeployer} - Deployed webapp: StandardEngine[Catalina].StandardHost[localhost].StandardContext[/mex].File[/home/wso2carbon/wso2is-5.11.0/repository/deployment/server/webapps/mex]
TID: [-1234] [mexut] [2021-05-06 07:55:55,545] []  INFO {org.apache.jasper.servlet.TldScanner} - At least one JAR was scanned for TLDs yet contained no TLDs. Enable debug logging for this logger for a complete list of JARs that were scanned but no TLDs were found in them. Skipping unneeded JARs during scanning can improve startup time and JSP compilation time.
TID: [-1234] [mexut] [2021-05-06 07:55:56,280] []  INFO {org.wso2.carbon.webapp.mgt.TomcatGenericWebappsDeployer} - Deployed webapp: StandardEngine[Catalina].StandardHost[localhost].StandardContext[/mexut].File[/home/wso2carbon/wso2is-5.11.0/repository/deployment/server/webapps/mexut]
TID: [-1234] [myaccount] [2021-05-06 07:55:56,499] []  INFO {org.apache.jasper.servlet.TldScanner} - At least one JAR was scanned for TLDs yet contained no TLDs. Enable debug logging for this logger for a complete list of JARs that were scanned but no TLDs were found in them. Skipping unneeded JARs during scanning can improve startup time and JSP compilation time.
TID: [-1234] [myaccount] [2021-05-06 07:55:56,514] []  INFO {org.wso2.carbon.webapp.mgt.TomcatGenericWebappsDeployer} - Deployed webapp: StandardEngine[Catalina].StandardHost[localhost].StandardContext[/myaccount].File[/home/wso2carbon/wso2is-5.11.0/repository/deployment/server/webapps/myaccount]
TID: [-1234] [oauth2] [2021-05-06 07:55:56,775] []  INFO {org.apache.jasper.servlet.TldScanner} - At least one JAR was scanned for TLDs yet contained no TLDs. Enable debug logging for this logger for a complete list of JARs that were scanned but no TLDs were found in them. Skipping unneeded JARs during scanning can improve startup time and JSP compilation time.
TID: [-1234] [oauth2] [2021-05-06 07:55:58,037] []  INFO {org.wso2.carbon.webapp.mgt.TomcatGenericWebappsDeployer} - Deployed webapp: StandardEngine[Catalina].StandardHost[localhost].StandardContext[/oauth2].File[/home/wso2carbon/wso2is-5.11.0/repository/deployment/server/webapps/oauth2]
TID: [-1234] [scim2] [2021-05-06 07:55:58,262] []  INFO {org.apache.jasper.servlet.TldScanner} - At least one JAR was scanned for TLDs yet contained no TLDs. Enable debug logging for this logger for a complete list of JARs that were scanned but no TLDs were found in them. Skipping unneeded JARs during scanning can improve startup time and JSP compilation time.
TID: [-1234] [scim2] [2021-05-06 07:55:59,431] []  INFO {org.wso2.carbon.webapp.mgt.TomcatGenericWebappsDeployer} - Deployed webapp: StandardEngine[Catalina].StandardHost[localhost].StandardContext[/scim2].File[/home/wso2carbon/wso2is-5.11.0/repository/deployment/server/webapps/scim2]
TID: [-1234] [smsotpauthenticationendpoint] [2021-05-06 07:55:59,703] []  INFO {org.apache.jasper.servlet.TldScanner} - At least one JAR was scanned for TLDs yet contained no TLDs. Enable debug logging for this logger for a complete list of JARs that were scanned but no TLDs were found in them. Skipping unneeded JARs during scanning can improve startup time and JSP compilation time.
TID: [-1234] [smsotpauthenticationendpoint] [2021-05-06 07:55:59,709] []  INFO {org.wso2.carbon.webapp.mgt.TomcatGenericWebappsDeployer} - Deployed webapp: StandardEngine[Catalina].StandardHost[localhost].StandardContext[/smsotpauthenticationendpoint].File[/home/wso2carbon/wso2is-5.11.0/repository/deployment/server/webapps/smsotpauthenticationendpoint]
TID: [-1234] [totpauthenticationendpoint] [2021-05-06 07:56:00,046] []  INFO {org.apache.jasper.servlet.TldScanner} - At least one JAR was scanned for TLDs yet contained no TLDs. Enable debug logging for this logger for a complete list of JARs that were scanned but no TLDs were found in them. Skipping unneeded JARs during scanning can improve startup time and JSP compilation time.
TID: [-1234] [totpauthenticationendpoint] [2021-05-06 07:56:00,055] []  INFO {org.wso2.carbon.identity.application.authentication.endpoint.util.TenantDataManager} - EndpointConfig.properties file loaded from ./repository/conf/identity/EndpointConfig.properties
TID: [-1234] [totpauthenticationendpoint] [2021-05-06 07:56:00,058] []  INFO {org.wso2.carbon.identity.application.authentication.endpoint.util.MutualSSLManager} - EndpointConfig.properties file loaded from ./repository/conf/identity/EndpointConfig.properties
TID: [-1234] [totpauthenticationendpoint] [2021-05-06 07:56:00,091] []  INFO {org.wso2.carbon.identity.application.authentication.endpoint.util.EndpointConfigManager} - EndpointConfig.properties file loaded from ./repository/conf/identity/EndpointConfig.properties
TID: [-1234] [totpauthenticationendpoint] [2021-05-06 07:56:00,146] []  INFO {org.wso2.carbon.webapp.mgt.TomcatGenericWebappsDeployer} - Deployed webapp: StandardEngine[Catalina].StandardHost[localhost].StandardContext[/totpauthenticationendpoint].File[/home/wso2carbon/wso2is-5.11.0/repository/deployment/server/webapps/totpauthenticationendpoint]
TID: [-1234] [wso2] [2021-05-06 07:56:00,384] []  INFO {org.apache.jasper.servlet.TldScanner} - At least one JAR was scanned for TLDs yet contained no TLDs. Enable debug logging for this logger for a complete list of JARs that were scanned but no TLDs were found in them. Skipping unneeded JARs during scanning can improve startup time and JSP compilation time.
TID: [-1234] [wso2] [2021-05-06 07:56:01,274] []  INFO {org.wso2.carbon.webapp.mgt.TomcatGenericWebappsDeployer} - Deployed webapp: StandardEngine[Catalina].StandardHost[localhost].StandardContext[/wso2].File[/home/wso2carbon/wso2is-5.11.0/repository/deployment/server/webapps/wso2]
TID: [-1234] [x509certificateauthenticationendpoint] [2021-05-06 07:56:01,652] []  INFO {org.apache.jasper.servlet.TldScanner} - At least one JAR was scanned for TLDs yet contained no TLDs. Enable debug logging for this logger for a complete list of JARs that were scanned but no TLDs were found in them. Skipping unneeded JARs during scanning can improve startup time and JSP compilation time.
TID: [-1234] [x509certificateauthenticationendpoint] [2021-05-06 07:56:01,669] []  INFO {org.wso2.carbon.webapp.mgt.TomcatGenericWebappsDeployer} - Deployed webapp: StandardEngine[Catalina].StandardHost[localhost].StandardContext[/x509certificateauthenticationendpoint].File[/home/wso2carbon/wso2is-5.11.0/repository/deployment/server/webapps/x509certificateauthenticationendpoint]
TID: [-1234] [] [2021-05-06 07:56:01,707] []  INFO {org.wso2.carbon.humantask.core.HumanTaskSchedulerInitializer} - Starting HumanTasks Scheduler
TID: [-1234] [] [2021-05-06 07:56:01,801] []  INFO {openjpa.Runtime} - Starting OpenJPA 2.2.0-wso2v1
TID: [-1234] [] [2021-05-06 07:56:01,976] []  INFO {openjpa.jdbc.JDBC} - Using dictionary class "org.apache.openjpa.jdbc.sql.H2Dictionary".
TID: [-1234] [] [2021-05-06 07:56:03,237] []  INFO {org.wso2.carbon.core.transports.http.HttpTransportListener} - HTTP port        : 9763
TID: [-1234] [] [2021-05-06 07:56:03,237] []  INFO {org.wso2.carbon.core.transports.http.HttpsTransportListener} - HTTPS port       : 9443
TID: [-1234] [] [2021-05-06 07:56:03,468] []  WARN {org.apache.tomcat.util.net.SSLUtilBase} - jsseUtil.trustedCertNotValid
TID: [-1234] [] [2021-05-06 07:56:03,473] []  WARN {org.apache.tomcat.util.net.SSLUtilBase} - jsseUtil.trustedCertNotValid
TID: [-1234] [] [2021-05-06 07:56:03,475] []  WARN {org.apache.tomcat.util.net.SSLUtilBase} - jsseUtil.trustedCertNotValid
TID: [-1234] [] [2021-05-06 07:56:03,476] []  WARN {org.apache.tomcat.util.net.SSLUtilBase} - jsseUtil.trustedCertNotValid
TID: [-1234] [] [2021-05-06 07:56:03,478] []  WARN {org.apache.tomcat.util.net.SSLUtilBase} - jsseUtil.trustedCertNotValid
TID: [-1234] [] [2021-05-06 07:56:04,071] []  INFO {org.wso2.carbon.bpel.core.ode.integration.BPELSchedulerInitializer} - Starting BPS Scheduler
TID: [-1234] [] [2021-05-06 07:56:04,128] []  INFO {openjpa.Runtime} - Starting OpenJPA 2.2.0-wso2v1
TID: [-1234] [] [2021-05-06 07:56:04,131] []  INFO {openjpa.jdbc.JDBC} - Using dictionary class "org.apache.openjpa.jdbc.sql.H2Dictionary" (H2 1.4.199 (2019-03-13) ,H2 JDBC Driver 1.4.199 (2019-03-13)).
TID: [-1234] [] [2021-05-06 07:56:04,463] []  INFO {org.wso2.carbon.core.internal.StartupFinalizerServiceComponent} - Server           :  WSO2 Identity Server-5.11.0
TID: [-1234] [] [2021-05-06 07:56:04,465] []  INFO {org.wso2.carbon.core.internal.StartupFinalizerServiceComponent} - WSO2 Carbon started in 121 sec
TID: [-1] [] [2021-05-06 07:56:05,578] []  INFO {org.wso2.callhome.CallHomeExecutor} - 
..................................
There are no new updates available
..................................
TID: [-1234] [] [2021-05-06 07:56:05,639] []  INFO {org.apache.jasper.servlet.TldScanner} - At least one JAR was scanned for TLDs yet contained no TLDs. Enable debug logging for this logger for a complete list of JARs that were scanned but no TLDs were found in them. Skipping unneeded JARs during scanning can improve startup time and JSP compilation time.
TID: [-1234] [] [2021-05-06 07:56:05,673] []  INFO {org.wso2.carbon.ui.internal.CarbonUIServiceComponent} - Mgt Console URL  : https://localhost:9443/carbon/
TID: [-1234] [] [2021-05-06 07:56:05,752] []  INFO {org.wso2.identity.apps.common.internal.AppsCommonServiceComponent} - My Account URL : https://localhost:9443/myaccount
TID: [-1234] [] [2021-05-06 07:56:05,754] []  INFO {org.wso2.identity.apps.common.internal.AppsCommonServiceComponent} - Console URL : https://localhost:9443/console
TID: [-1234] [] [2021-05-06 07:56:05,755] []  INFO {org.wso2.identity.apps.common.internal.AppsCommonServiceComponent} - Identity apps common service component activated successfully.
TID: [-1234] [] [2021-05-06 07:57:19,207] [571f003e-5224-4675-9126-3d70808d1240]  INFO {org.wso2.carbon.core.services.util.CarbonAuthenticationUtil} - 'admin@carbon.super [-1234]' logged in at [2021-05-06 07:57:19,207+0000]
TID: [-1234] [] [2021-05-06 08:11:51,452] [9946a9c2-720b-4b1d-826e-5bd1b50d1388]  INFO {org.wso2.carbon.identity.oauth.config.OAuthServerConfiguration} - An instance of org.wso2.carbon.identity.oauth2.token.OauthTokenIssuerImpl is created for Identity OAuth token generation.
TID: [-1234] [] [2021-05-06 08:11:51,468] [9946a9c2-720b-4b1d-826e-5bd1b50d1388]  INFO {org.opensaml.core.config.InitializationService} - Initializing OpenSAML using the Java Services API
